[2025-09-25T17:29:31.630Z] Loading workbook...
[2025-09-25T17:29:31.630Z] Looking for Excel file at: /Users/manas/Developer/Tilak Karveran/Intern test - IN funda data ann.xls
[2025-09-25T17:29:31.630Z] Reading Excel file...
[2025-09-25T17:29:31.640Z] Successfully loaded workbook with 1 sheets
[2025-09-25T17:29:31.640Z] Found sheets: Sheet1
[2025-09-25T17:29:31.640Z] Converting sheet to JSON...
[2025-09-25T17:29:31.641Z] Found 16 rows in the sheet
[2025-09-25T17:29:31.641Z] Searching for header row...
[2025-09-25T17:29:31.641Z] Row 0 headers: ["Ticker","ISIN","Company name","Field",2024,2023,2022,2021,2020,2019,2018,2017,2016,2015,2014,2013,2012,2011,2010,2009,2008,2007,2006,2005,2004,2003,2002,2001,2000,1999,1998,1997,1996]
[2025-09-25T17:29:31.641Z]   Raw: 'Ticker' -> Normalized: 'ticker'
[2025-09-25T17:29:31.641Z]   Raw: 'ISIN' -> Normalized: 'isin'
[2025-09-25T17:29:31.641Z]   Raw: 'Company name' -> Normalized: 'company name'
[2025-09-25T17:29:31.641Z]   Raw: 'Field' -> Normalized: 'field'
[2025-09-25T17:29:31.641Z]   Raw: '2024' -> Normalized: '2024'
[2025-09-25T17:29:31.641Z]   Raw: '2023' -> Normalized: '2023'
[2025-09-25T17:29:31.641Z]   Raw: '2022' -> Normalized: '2022'
[2025-09-25T17:29:31.641Z]   Raw: '2021' -> Normalized: '2021'
[2025-09-25T17:29:31.641Z]   Raw: '2020' -> Normalized: '2020'
[2025-09-25T17:29:31.641Z]   Raw: '2019' -> Normalized: '2019'
[2025-09-25T17:29:31.641Z]   Raw: '2018' -> Normalized: '2018'
[2025-09-25T17:29:31.641Z]   Raw: '2017' -> Normalized: '2017'
[2025-09-25T17:29:31.641Z]   Raw: '2016' -> Normalized: '2016'
[2025-09-25T17:29:31.641Z]   Raw: '2015' -> Normalized: '2015'
[2025-09-25T17:29:31.641Z]   Raw: '2014' -> Normalized: '2014'
[2025-09-25T17:29:31.641Z]   Raw: '2013' -> Normalized: '2013'
[2025-09-25T17:29:31.641Z]   Raw: '2012' -> Normalized: '2012'
[2025-09-25T17:29:31.641Z]   Raw: '2011' -> Normalized: '2011'
[2025-09-25T17:29:31.641Z]   Raw: '2010' -> Normalized: '2010'
[2025-09-25T17:29:31.641Z]   Raw: '2009' -> Normalized: '2009'
[2025-09-25T17:29:31.641Z]   Raw: '2008' -> Normalized: '2008'
[2025-09-25T17:29:31.641Z]   Raw: '2007' -> Normalized: '2007'
[2025-09-25T17:29:31.641Z]   Raw: '2006' -> Normalized: '2006'
[2025-09-25T17:29:31.641Z]   Raw: '2005' -> Normalized: '2005'
[2025-09-25T17:29:31.641Z]   Raw: '2004' -> Normalized: '2004'
[2025-09-25T17:29:31.641Z]   Raw: '2003' -> Normalized: '2003'
[2025-09-25T17:29:31.641Z]   Raw: '2002' -> Normalized: '2002'
[2025-09-25T17:29:31.641Z]   Raw: '2001' -> Normalized: '2001'
[2025-09-25T17:29:31.641Z]   Raw: '2000' -> Normalized: '2000'
[2025-09-25T17:29:31.641Z]   Raw: '1999' -> Normalized: '1999'
[2025-09-25T17:29:31.641Z]   Raw: '1998' -> Normalized: '1998'
[2025-09-25T17:29:31.641Z]   Raw: '1997' -> Normalized: '1997'
[2025-09-25T17:29:31.641Z]   Raw: '1996' -> Normalized: '1996'
[2025-09-25T17:29:31.641Z] Row 0: hasCompany=true, hasYear=false
[2025-09-25T17:29:31.641Z] Row 1 headers: ["INFY","INE009A01021","Infosys Ltd.","SALES",1536700,1467670,1216410,1004720,907910,826750,705220,684840,624410,533190,501330,403520,337340,275010,227420,216930,166920,138930,95210,71296.5,48529.5,36399.8,26035.9,19005.658807,"","","","",""]
[2025-09-25T17:29:31.641Z]   Raw: 'INFY' -> Normalized: 'infy'
[2025-09-25T17:29:31.641Z]   Raw: 'INE009A01021' -> Normalized: 'ine009a01021'
[2025-09-25T17:29:31.641Z]   Raw: 'Infosys Ltd.' -> Normalized: 'infosys ltd'
[2025-09-25T17:29:31.641Z]   Raw: 'SALES' -> Normalized: 'sales'
[2025-09-25T17:29:31.641Z]   Raw: '1536700' -> Normalized: '1536700'
[2025-09-25T17:29:31.641Z]   Raw: '1467670' -> Normalized: '1467670'
[2025-09-25T17:29:31.641Z]   Raw: '1216410' -> Normalized: '1216410'
[2025-09-25T17:29:31.641Z]   Raw: '1004720' -> Normalized: '1004720'
[2025-09-25T17:29:31.641Z]   Raw: '907910' -> Normalized: '907910'
[2025-09-25T17:29:31.641Z]   Raw: '826750' -> Normalized: '826750'
[2025-09-25T17:29:31.641Z]   Raw: '705220' -> Normalized: '705220'
[2025-09-25T17:29:31.641Z]   Raw: '684840' -> Normalized: '684840'
[2025-09-25T17:29:31.641Z]   Raw: '624410' -> Normalized: '624410'
[2025-09-25T17:29:31.641Z]   Raw: '533190' -> Normalized: '533190'
[2025-09-25T17:29:31.641Z]   Raw: '501330' -> Normalized: '501330'
[2025-09-25T17:29:31.641Z]   Raw: '403520' -> Normalized: '403520'
[2025-09-25T17:29:31.641Z]   Raw: '337340' -> Normalized: '337340'
[2025-09-25T17:29:31.641Z]   Raw: '275010' -> Normalized: '275010'
[2025-09-25T17:29:31.641Z]   Raw: '227420' -> Normalized: '227420'
[2025-09-25T17:29:31.641Z]   Raw: '216930' -> Normalized: '216930'
[2025-09-25T17:29:31.641Z]   Raw: '166920' -> Normalized: '166920'
[2025-09-25T17:29:31.641Z]   Raw: '138930' -> Normalized: '138930'
[2025-09-25T17:29:31.641Z]   Raw: '95210' -> Normalized: '95210'
[2025-09-25T17:29:31.641Z]   Raw: '71296.5' -> Normalized: '71296 5'
[2025-09-25T17:29:31.641Z]   Raw: '48529.5' -> Normalized: '48529 5'
[2025-09-25T17:29:31.641Z]   Raw: '36399.8' -> Normalized: '36399 8'
[2025-09-25T17:29:31.641Z]   Raw: '26035.9' -> Normalized: '26035 9'
[2025-09-25T17:29:31.641Z]   Raw: '19005.658807' -> Normalized: '19005 658807'
[2025-09-25T17:29:31.641Z]   Raw: '' -> Normalized: ''
[2025-09-25T17:29:31.641Z]   Raw: '' -> Normalized: ''
[2025-09-25T17:29:31.641Z]   Raw: '' -> Normalized: ''
[2025-09-25T17:29:31.641Z]   Raw: '' -> Normalized: ''
[2025-09-25T17:29:31.641Z]   Raw: '' -> Normalized: ''
[2025-09-25T17:29:31.641Z] Row 1: hasCompany=false, hasYear=true
[2025-09-25T17:29:31.641Z] Row 2 headers: ["WIPRO","INE075A01022","Wipro Ltd.","SALES",890884,897603,904876,790934,619430,610232,585845,544871,550402,512440,469545,434269,374256,371971,310542,272129,256995,199796,149982,106030,81605.55,58400.23,42866,34405,30539,"","","",""]
[2025-09-25T17:29:31.641Z]   Raw: 'WIPRO' -> Normalized: 'wipro'
[2025-09-25T17:29:31.641Z]   Raw: 'INE075A01022' -> Normalized: 'ine075a01022'
[2025-09-25T17:29:31.641Z]   Raw: 'Wipro Ltd.' -> Normalized: 'wipro ltd'
[2025-09-25T17:29:31.641Z]   Raw: 'SALES' -> Normalized: 'sales'
[2025-09-25T17:29:31.641Z]   Raw: '890884' -> Normalized: '890884'
[2025-09-25T17:29:31.641Z]   Raw: '897603' -> Normalized: '897603'
[2025-09-25T17:29:31.641Z]   Raw: '904876' -> Normalized: '904876'
[2025-09-25T17:29:31.641Z]   Raw: '790934' -> Normalized: '790934'
[2025-09-25T17:29:31.641Z]   Raw: '619430' -> Normalized: '619430'
[2025-09-25T17:29:31.641Z]   Raw: '610232' -> Normalized: '610232'
[2025-09-25T17:29:31.641Z]   Raw: '585845' -> Normalized: '585845'
[2025-09-25T17:29:31.641Z]   Raw: '544871' -> Normalized: '544871'
[2025-09-25T17:29:31.641Z]   Raw: '550402' -> Normalized: '550402'
[2025-09-25T17:29:31.641Z]   Raw: '512440' -> Normalized: '512440'
[2025-09-25T17:29:31.641Z]   Raw: '469545' -> Normalized: '469545'
[2025-09-25T17:29:31.641Z]   Raw: '434269' -> Normalized: '434269'
[2025-09-25T17:29:31.641Z]   Raw: '374256' -> Normalized: '374256'
[2025-09-25T17:29:31.641Z]   Raw: '371971' -> Normalized: '371971'
[2025-09-25T17:29:31.641Z]   Raw: '310542' -> Normalized: '310542'
[2025-09-25T17:29:31.641Z]   Raw: '272129' -> Normalized: '272129'
[2025-09-25T17:29:31.641Z]   Raw: '256995' -> Normalized: '256995'
[2025-09-25T17:29:31.641Z]   Raw: '199796' -> Normalized: '199796'
[2025-09-25T17:29:31.641Z]   Raw: '149982' -> Normalized: '149982'
[2025-09-25T17:29:31.641Z]   Raw: '106030' -> Normalized: '106030'
[2025-09-25T17:29:31.641Z]   Raw: '81605.55' -> Normalized: '81605 55'
[2025-09-25T17:29:31.641Z]   Raw: '58400.23' -> Normalized: '58400 23'
[2025-09-25T17:29:31.641Z]   Raw: '42866' -> Normalized: '42866'
[2025-09-25T17:29:31.641Z]   Raw: '34405' -> Normalized: '34405'
[2025-09-25T17:29:31.641Z]   Raw: '30539' -> Normalized: '30539'
[2025-09-25T17:29:31.641Z]   Raw: '' -> Normalized: ''
[2025-09-25T17:29:31.641Z]   Raw: '' -> Normalized: ''
[2025-09-25T17:29:31.641Z]   Raw: '' -> Normalized: ''
[2025-09-25T17:29:31.641Z]   Raw: '' -> Normalized: ''
[2025-09-25T17:29:31.641Z] Row 2: hasCompany=false, hasYear=false
[2025-09-25T17:29:31.641Z] Row 3 headers: ["HCLTECH","INE860A01027","HCL Technologies Ltd.","SALES",1170550,1099130,1014560,856510,753790,706760,604270,505690,475680,415144.828802,321436.6,255810.6,208305.5,157304.3,121362.9,102294.1,75627.8,60687.4,43614.2485917058,33966.1932580417,25636.9,21435,16098.619,7244.993,8926.9989178126,"","","",""]
[2025-09-25T17:29:31.641Z]   Raw: 'HCLTECH' -> Normalized: 'hcltech'
[2025-09-25T17:29:31.641Z]   Raw: 'INE860A01027' -> Normalized: 'ine860a01027'
[2025-09-25T17:29:31.641Z]   Raw: 'HCL Technologies Ltd.' -> Normalized: 'hcl technologies ltd'
[2025-09-25T17:29:31.641Z]   Raw: 'SALES' -> Normalized: 'sales'
[2025-09-25T17:29:31.641Z]   Raw: '1170550' -> Normalized: '1170550'
[2025-09-25T17:29:31.641Z]   Raw: '1099130' -> Normalized: '1099130'
[2025-09-25T17:29:31.641Z]   Raw: '1014560' -> Normalized: '1014560'
[2025-09-25T17:29:31.641Z]   Raw: '856510' -> Normalized: '856510'
[2025-09-25T17:29:31.641Z]   Raw: '753790' -> Normalized: '753790'
[2025-09-25T17:29:31.641Z]   Raw: '706760' -> Normalized: '706760'
[2025-09-25T17:29:31.641Z]   Raw: '604270' -> Normalized: '604270'
[2025-09-25T17:29:31.641Z]   Raw: '505690' -> Normalized: '505690'
[2025-09-25T17:29:31.641Z]   Raw: '475680' -> Normalized: '475680'
[2025-09-25T17:29:31.641Z]   Raw: '415144.828802' -> Normalized: '415144 828802'
[2025-09-25T17:29:31.641Z]   Raw: '321436.6' -> Normalized: '321436 6'
[2025-09-25T17:29:31.641Z]   Raw: '255810.6' -> Normalized: '255810 6'
[2025-09-25T17:29:31.641Z]   Raw: '208305.5' -> Normalized: '208305 5'
[2025-09-25T17:29:31.641Z]   Raw: '157304.3' -> Normalized: '157304 3'
[2025-09-25T17:29:31.641Z]   Raw: '121362.9' -> Normalized: '121362 9'
[2025-09-25T17:29:31.641Z]   Raw: '102294.1' -> Normalized: '102294 1'
[2025-09-25T17:29:31.641Z]   Raw: '75627.8' -> Normalized: '75627 8'
[2025-09-25T17:29:31.641Z]   Raw: '60687.4' -> Normalized: '60687 4'
[2025-09-25T17:29:31.641Z]   Raw: '43614.2485917058' -> Normalized: '43614 2485917058'
[2025-09-25T17:29:31.641Z]   Raw: '33966.1932580417' -> Normalized: '33966 1932580417'
[2025-09-25T17:29:31.641Z]   Raw: '25636.9' -> Normalized: '25636 9'
[2025-09-25T17:29:31.641Z]   Raw: '21435' -> Normalized: '21435'
[2025-09-25T17:29:31.641Z]   Raw: '16098.619' -> Normalized: '16098 619'
[2025-09-25T17:29:31.641Z]   Raw: '7244.993' -> Normalized: '7244 993'
[2025-09-25T17:29:31.641Z]   Raw: '8926.9989178126' -> Normalized: '8926 9989178126'
[2025-09-25T17:29:31.641Z]   Raw: '' -> Normalized: ''
[2025-09-25T17:29:31.641Z]   Raw: '' -> Normalized: ''
[2025-09-25T17:29:31.641Z]   Raw: '' -> Normalized: ''
[2025-09-25T17:29:31.641Z]   Raw: '' -> Normalized: ''
[2025-09-25T17:29:31.641Z] Row 3: hasCompany=false, hasYear=false
[2025-09-25T17:29:31.642Z] Row 4 headers: ["TCS","INE467B01029","Tata Consultancy Services Ltd.","SALES",2553240,2408930,2254580,1917540,1641770,1569490,1464630,1231040,1179660,1086460,946484.1,818093.6,629894.8,488938.3,373245.1,300289.2,278128.8,226195.2,186852.1,132639.9,97229.4,71227.3,55178.6,43706.3,"","","","",""]
[2025-09-25T17:29:31.642Z]   Raw: 'TCS' -> Normalized: 'tcs'
[2025-09-25T17:29:31.642Z]   Raw: 'INE467B01029' -> Normalized: 'ine467b01029'
[2025-09-25T17:29:31.642Z]   Raw: 'Tata Consultancy Services Ltd.' -> Normalized: 'tata consultancy services ltd'
[2025-09-25T17:29:31.642Z]   Raw: 'SALES' -> Normalized: 'sales'
[2025-09-25T17:29:31.642Z]   Raw: '2553240' -> Normalized: '2553240'
[2025-09-25T17:29:31.642Z]   Raw: '2408930' -> Normalized: '2408930'
[2025-09-25T17:29:31.642Z]   Raw: '2254580' -> Normalized: '2254580'
[2025-09-25T17:29:31.642Z]   Raw: '1917540' -> Normalized: '1917540'
[2025-09-25T17:29:31.642Z]   Raw: '1641770' -> Normalized: '1641770'
[2025-09-25T17:29:31.642Z]   Raw: '1569490' -> Normalized: '1569490'
[2025-09-25T17:29:31.642Z]   Raw: '1464630' -> Normalized: '1464630'
[2025-09-25T17:29:31.642Z]   Raw: '1231040' -> Normalized: '1231040'
[2025-09-25T17:29:31.642Z]   Raw: '1179660' -> Normalized: '1179660'
[2025-09-25T17:29:31.642Z]   Raw: '1086460' -> Normalized: '1086460'
[2025-09-25T17:29:31.642Z]   Raw: '946484.1' -> Normalized: '946484 1'
[2025-09-25T17:29:31.642Z]   Raw: '818093.6' -> Normalized: '818093 6'
[2025-09-25T17:29:31.642Z]   Raw: '629894.8' -> Normalized: '629894 8'
[2025-09-25T17:29:31.642Z]   Raw: '488938.3' -> Normalized: '488938 3'
[2025-09-25T17:29:31.642Z]   Raw: '373245.1' -> Normalized: '373245 1'
[2025-09-25T17:29:31.642Z]   Raw: '300289.2' -> Normalized: '300289 2'
[2025-09-25T17:29:31.642Z]   Raw: '278128.8' -> Normalized: '278128 8'
[2025-09-25T17:29:31.642Z]   Raw: '226195.2' -> Normalized: '226195 2'
[2025-09-25T17:29:31.642Z]   Raw: '186852.1' -> Normalized: '186852 1'
[2025-09-25T17:29:31.642Z]   Raw: '132639.9' -> Normalized: '132639 9'
[2025-09-25T17:29:31.642Z]   Raw: '97229.4' -> Normalized: '97229 4'
[2025-09-25T17:29:31.642Z]   Raw: '71227.3' -> Normalized: '71227 3'
[2025-09-25T17:29:31.642Z]   Raw: '55178.6' -> Normalized: '55178 6'
[2025-09-25T17:29:31.642Z]   Raw: '43706.3' -> Normalized: '43706 3'
[2025-09-25T17:29:31.642Z]   Raw: '' -> Normalized: ''
[2025-09-25T17:29:31.642Z]   Raw: '' -> Normalized: ''
[2025-09-25T17:29:31.642Z]   Raw: '' -> Normalized: ''
[2025-09-25T17:29:31.642Z]   Raw: '' -> Normalized: ''
[2025-09-25T17:29:31.642Z]   Raw: '' -> Normalized: ''
[2025-09-25T17:29:31.642Z] Row 4: hasCompany=false, hasYear=false
[2025-09-25T17:29:31.642Z] Row 5 headers: ["TECHM","INE669C01036","Tech Mahindra Ltd.","SALES",529883,519955,532902,446460,378551,368677,347421,307729,291408,264942,225820,188024,68731,54897,51402,46254,44647,37661,29290,12426.66,9451.401755,7417.061272,6026.208601,"","","","","",""]
[2025-09-25T17:29:31.642Z]   Raw: 'TECHM' -> Normalized: 'techm'
[2025-09-25T17:29:31.642Z]   Raw: 'INE669C01036' -> Normalized: 'ine669c01036'
[2025-09-25T17:29:31.642Z]   Raw: 'Tech Mahindra Ltd.' -> Normalized: 'tech mahindra ltd'
[2025-09-25T17:29:31.642Z]   Raw: 'SALES' -> Normalized: 'sales'
[2025-09-25T17:29:31.642Z]   Raw: '529883' -> Normalized: '529883'
[2025-09-25T17:29:31.642Z]   Raw: '519955' -> Normalized: '519955'
[2025-09-25T17:29:31.642Z]   Raw: '532902' -> Normalized: '532902'
[2025-09-25T17:29:31.642Z]   Raw: '446460' -> Normalized: '446460'
[2025-09-25T17:29:31.642Z]   Raw: '378551' -> Normalized: '378551'
[2025-09-25T17:29:31.642Z]   Raw: '368677' -> Normalized: '368677'
[2025-09-25T17:29:31.642Z]   Raw: '347421' -> Normalized: '347421'
[2025-09-25T17:29:31.642Z]   Raw: '307729' -> Normalized: '307729'
[2025-09-25T17:29:31.642Z]   Raw: '291408' -> Normalized: '291408'
[2025-09-25T17:29:31.642Z]   Raw: '264942' -> Normalized: '264942'
[2025-09-25T17:29:31.642Z]   Raw: '225820' -> Normalized: '225820'
[2025-09-25T17:29:31.642Z]   Raw: '188024' -> Normalized: '188024'
[2025-09-25T17:29:31.642Z]   Raw: '68731' -> Normalized: '68731'
[2025-09-25T17:29:31.642Z]   Raw: '54897' -> Normalized: '54897'
[2025-09-25T17:29:31.642Z]   Raw: '51402' -> Normalized: '51402'
[2025-09-25T17:29:31.642Z]   Raw: '46254' -> Normalized: '46254'
[2025-09-25T17:29:31.642Z]   Raw: '44647' -> Normalized: '44647'
[2025-09-25T17:29:31.642Z]   Raw: '37661' -> Normalized: '37661'
[2025-09-25T17:29:31.642Z]   Raw: '29290' -> Normalized: '29290'
[2025-09-25T17:29:31.642Z]   Raw: '12426.66' -> Normalized: '12426 66'
[2025-09-25T17:29:31.642Z]   Raw: '9451.401755' -> Normalized: '9451 401755'
[2025-09-25T17:29:31.642Z]   Raw: '7417.061272' -> Normalized: '7417 061272'
[2025-09-25T17:29:31.642Z]   Raw: '6026.208601' -> Normalized: '6026 208601'
[2025-09-25T17:29:31.642Z]   Raw: '' -> Normalized: ''
[2025-09-25T17:29:31.642Z]   Raw: '' -> Normalized: ''
[2025-09-25T17:29:31.642Z]   Raw: '' -> Normalized: ''
[2025-09-25T17:29:31.642Z]   Raw: '' -> Normalized: ''
[2025-09-25T17:29:31.642Z]   Raw: '' -> Normalized: ''
[2025-09-25T17:29:31.642Z]   Raw: '' -> Normalized: ''
[2025-09-25T17:29:31.642Z] Row 5: hasCompany=false, hasYear=false
[2025-09-25T17:29:31.642Z] Row 6 headers: ["INFY","INE009A01021","Infosys Ltd.","EBITDA",369580,356010,319170,283280,226520,211570,192380,189740,172490,151020,138370,116230,107270,89660,78630,71980,52390,44130,31090,23583.7,16096.8,12764.7,10434.6,7720.61407,"","","","",""]
[2025-09-25T17:29:31.642Z]   Raw: 'INFY' -> Normalized: 'infy'
[2025-09-25T17:29:31.642Z]   Raw: 'INE009A01021' -> Normalized: 'ine009a01021'
[2025-09-25T17:29:31.642Z]   Raw: 'Infosys Ltd.' -> Normalized: 'infosys ltd'
[2025-09-25T17:29:31.642Z]   Raw: 'EBITDA' -> Normalized: 'ebitda'
[2025-09-25T17:29:31.642Z]   Raw: '369580' -> Normalized: '369580'
[2025-09-25T17:29:31.642Z]   Raw: '356010' -> Normalized: '356010'
[2025-09-25T17:29:31.642Z]   Raw: '319170' -> Normalized: '319170'
[2025-09-25T17:29:31.642Z]   Raw: '283280' -> Normalized: '283280'
[2025-09-25T17:29:31.642Z]   Raw: '226520' -> Normalized: '226520'
[2025-09-25T17:29:31.642Z]   Raw: '211570' -> Normalized: '211570'
[2025-09-25T17:29:31.642Z]   Raw: '192380' -> Normalized: '192380'
[2025-09-25T17:29:31.642Z]   Raw: '189740' -> Normalized: '189740'
[2025-09-25T17:29:31.642Z]   Raw: '172490' -> Normalized: '172490'
[2025-09-25T17:29:31.642Z]   Raw: '151020' -> Normalized: '151020'
[2025-09-25T17:29:31.642Z]   Raw: '138370' -> Normalized: '138370'
[2025-09-25T17:29:31.642Z]   Raw: '116230' -> Normalized: '116230'
[2025-09-25T17:29:31.642Z]   Raw: '107270' -> Normalized: '107270'
[2025-09-25T17:29:31.642Z]   Raw: '89660' -> Normalized: '89660'
[2025-09-25T17:29:31.642Z]   Raw: '78630' -> Normalized: '78630'
[2025-09-25T17:29:31.642Z]   Raw: '71980' -> Normalized: '71980'
[2025-09-25T17:29:31.642Z]   Raw: '52390' -> Normalized: '52390'
[2025-09-25T17:29:31.642Z]   Raw: '44130' -> Normalized: '44130'
[2025-09-25T17:29:31.642Z]   Raw: '31090' -> Normalized: '31090'
[2025-09-25T17:29:31.642Z]   Raw: '23583.7' -> Normalized: '23583 7'
[2025-09-25T17:29:31.642Z]   Raw: '16096.8' -> Normalized: '16096 8'
[2025-09-25T17:29:31.642Z]   Raw: '12764.7' -> Normalized: '12764 7'
[2025-09-25T17:29:31.642Z]   Raw: '10434.6' -> Normalized: '10434 6'
[2025-09-25T17:29:31.642Z]   Raw: '7720.61407' -> Normalized: '7720 61407'
[2025-09-25T17:29:31.642Z]   Raw: '' -> Normalized: ''
[2025-09-25T17:29:31.642Z]   Raw: '' -> Normalized: ''
[2025-09-25T17:29:31.642Z]   Raw: '' -> Normalized: ''
[2025-09-25T17:29:31.642Z]   Raw: '' -> Normalized: ''
[2025-09-25T17:29:31.642Z]   Raw: '' -> Normalized: ''
[2025-09-25T17:29:31.642Z] Row 6: hasCompany=false, hasYear=true
[2025-09-25T17:29:31.642Z] Row 7 headers: ["WIPRO","INE075A01022","Wipro Ltd.","EBITDA",180212,167758,168536,164656,148786,122279,116966,103930,109127,107958,104609,97101,78181,70864,65434,59494,51427,39651,34114,25150,20516.44,12711.47,10632,9608,8011,"","","",""]
[2025-09-25T17:29:31.642Z]   Raw: 'WIPRO' -> Normalized: 'wipro'
[2025-09-25T17:29:31.642Z]   Raw: 'INE075A01022' -> Normalized: 'ine075a01022'
[2025-09-25T17:29:31.642Z]   Raw: 'Wipro Ltd.' -> Normalized: 'wipro ltd'
[2025-09-25T17:29:31.642Z]   Raw: 'EBITDA' -> Normalized: 'ebitda'
[2025-09-25T17:29:31.642Z]   Raw: '180212' -> Normalized: '180212'
[2025-09-25T17:29:31.642Z]   Raw: '167758' -> Normalized: '167758'
[2025-09-25T17:29:31.642Z]   Raw: '168536' -> Normalized: '168536'
[2025-09-25T17:29:31.642Z]   Raw: '164656' -> Normalized: '164656'
[2025-09-25T17:29:31.642Z]   Raw: '148786' -> Normalized: '148786'
[2025-09-25T17:29:31.642Z]   Raw: '122279' -> Normalized: '122279'
[2025-09-25T17:29:31.642Z]   Raw: '116966' -> Normalized: '116966'
[2025-09-25T17:29:31.642Z]   Raw: '103930' -> Normalized: '103930'
[2025-09-25T17:29:31.642Z]   Raw: '109127' -> Normalized: '109127'
[2025-09-25T17:29:31.642Z]   Raw: '107958' -> Normalized: '107958'
[2025-09-25T17:29:31.642Z]   Raw: '104609' -> Normalized: '104609'
[2025-09-25T17:29:31.642Z]   Raw: '97101' -> Normalized: '97101'
[2025-09-25T17:29:31.642Z]   Raw: '78181' -> Normalized: '78181'
[2025-09-25T17:29:31.642Z]   Raw: '70864' -> Normalized: '70864'
[2025-09-25T17:29:31.642Z]   Raw: '65434' -> Normalized: '65434'
[2025-09-25T17:29:31.642Z]   Raw: '59494' -> Normalized: '59494'
[2025-09-25T17:29:31.642Z]   Raw: '51427' -> Normalized: '51427'
[2025-09-25T17:29:31.642Z]   Raw: '39651' -> Normalized: '39651'
[2025-09-25T17:29:31.642Z]   Raw: '34114' -> Normalized: '34114'
[2025-09-25T17:29:31.642Z]   Raw: '25150' -> Normalized: '25150'
[2025-09-25T17:29:31.642Z]   Raw: '20516.44' -> Normalized: '20516 44'
[2025-09-25T17:29:31.642Z]   Raw: '12711.47' -> Normalized: '12711 47'
[2025-09-25T17:29:31.642Z]   Raw: '10632' -> Normalized: '10632'
[2025-09-25T17:29:31.642Z]   Raw: '9608' -> Normalized: '9608'
[2025-09-25T17:29:31.642Z]   Raw: '8011' -> Normalized: '8011'
[2025-09-25T17:29:31.642Z]   Raw: '' -> Normalized: ''
[2025-09-25T17:29:31.642Z]   Raw: '' -> Normalized: ''
[2025-09-25T17:29:31.642Z]   Raw: '' -> Normalized: ''
[2025-09-25T17:29:31.642Z]   Raw: '' -> Normalized: ''
[2025-09-25T17:29:31.642Z] Row 7: hasCompany=false, hasYear=false
[2025-09-25T17:29:31.642Z] Row 8 headers: ["HCLTECH","INE860A01027","HCL Technologies Ltd.","EBITDA",255040,244640,228680,207490,202450,175490,140710,113390,104310,88903.91107,80793.5,56804.4,35623.9,25693.5,18998.4,20468.7,15726.5,12152.9,8994.1792,7722.8675,4965.9,4206.8,3703.947,3674.558,2075.79661,"","","",""]
[2025-09-25T17:29:31.642Z]   Raw: 'HCLTECH' -> Normalized: 'hcltech'
[2025-09-25T17:29:31.642Z]   Raw: 'INE860A01027' -> Normalized: 'ine860a01027'
[2025-09-25T17:29:31.642Z]   Raw: 'HCL Technologies Ltd.' -> Normalized: 'hcl technologies ltd'
[2025-09-25T17:29:31.642Z]   Raw: 'EBITDA' -> Normalized: 'ebitda'
[2025-09-25T17:29:31.642Z]   Raw: '255040' -> Normalized: '255040'
[2025-09-25T17:29:31.642Z]   Raw: '244640' -> Normalized: '244640'
[2025-09-25T17:29:31.642Z]   Raw: '228680' -> Normalized: '228680'
[2025-09-25T17:29:31.642Z]   Raw: '207490' -> Normalized: '207490'
[2025-09-25T17:29:31.642Z]   Raw: '202450' -> Normalized: '202450'
[2025-09-25T17:29:31.642Z]   Raw: '175490' -> Normalized: '175490'
[2025-09-25T17:29:31.642Z]   Raw: '140710' -> Normalized: '140710'
[2025-09-25T17:29:31.642Z]   Raw: '113390' -> Normalized: '113390'
[2025-09-25T17:29:31.642Z]   Raw: '104310' -> Normalized: '104310'
[2025-09-25T17:29:31.642Z]   Raw: '88903.91107' -> Normalized: '88903 91107'
[2025-09-25T17:29:31.642Z]   Raw: '80793.5' -> Normalized: '80793 5'
[2025-09-25T17:29:31.642Z]   Raw: '56804.4' -> Normalized: '56804 4'
[2025-09-25T17:29:31.642Z]   Raw: '35623.9' -> Normalized: '35623 9'
[2025-09-25T17:29:31.642Z]   Raw: '25693.5' -> Normalized: '25693 5'
[2025-09-25T17:29:31.642Z]   Raw: '18998.4' -> Normalized: '18998 4'
[2025-09-25T17:29:31.642Z]   Raw: '20468.7' -> Normalized: '20468 7'
[2025-09-25T17:29:31.642Z]   Raw: '15726.5' -> Normalized: '15726 5'
[2025-09-25T17:29:31.642Z]   Raw: '12152.9' -> Normalized: '12152 9'
[2025-09-25T17:29:31.643Z]   Raw: '8994.1792' -> Normalized: '8994 1792'
[2025-09-25T17:29:31.643Z]   Raw: '7722.8675' -> Normalized: '7722 8675'
[2025-09-25T17:29:31.643Z]   Raw: '4965.9' -> Normalized: '4965 9'
[2025-09-25T17:29:31.643Z]   Raw: '4206.8' -> Normalized: '4206 8'
[2025-09-25T17:29:31.643Z]   Raw: '3703.947' -> Normalized: '3703 947'
[2025-09-25T17:29:31.643Z]   Raw: '3674.558' -> Normalized: '3674 558'
[2025-09-25T17:29:31.643Z]   Raw: '2075.79661' -> Normalized: '2075 79661'
[2025-09-25T17:29:31.643Z]   Raw: '' -> Normalized: ''
[2025-09-25T17:29:31.643Z]   Raw: '' -> Normalized: ''
[2025-09-25T17:29:31.643Z]   Raw: '' -> Normalized: ''
[2025-09-25T17:29:31.643Z]   Raw: '' -> Normalized: ''
[2025-09-25T17:29:31.643Z] Row 8: hasCompany=false, hasYear=false
[2025-09-25T17:29:31.643Z] Row 9 headers: ["TCS","INE467B01029","Tata Consultancy Services Ltd.","EBITDA",676250,642960,592590,530570,465460,421090,397260,322180,323110,306770,244827.4,251526.6,182009.9,144563.6,111794.7,87205.5,71326.6,56851.8,51198.5,37316.4,27142.4,19428.7,13462.5,13323.7,"","","","",""]
[2025-09-25T17:29:31.643Z]   Raw: 'TCS' -> Normalized: 'tcs'
[2025-09-25T17:29:31.643Z]   Raw: 'INE467B01029' -> Normalized: 'ine467b01029'
[2025-09-25T17:29:31.643Z]   Raw: 'Tata Consultancy Services Ltd.' -> Normalized: 'tata consultancy services ltd'
[2025-09-25T17:29:31.643Z]   Raw: 'EBITDA' -> Normalized: 'ebitda'
[2025-09-25T17:29:31.643Z]   Raw: '676250' -> Normalized: '676250'
[2025-09-25T17:29:31.643Z]   Raw: '642960' -> Normalized: '642960'
[2025-09-25T17:29:31.643Z]   Raw: '592590' -> Normalized: '592590'
[2025-09-25T17:29:31.643Z]   Raw: '530570' -> Normalized: '530570'
[2025-09-25T17:29:31.643Z]   Raw: '465460' -> Normalized: '465460'
[2025-09-25T17:29:31.643Z]   Raw: '421090' -> Normalized: '421090'
[2025-09-25T17:29:31.643Z]   Raw: '397260' -> Normalized: '397260'
[2025-09-25T17:29:31.643Z]   Raw: '322180' -> Normalized: '322180'
[2025-09-25T17:29:31.643Z]   Raw: '323110' -> Normalized: '323110'
[2025-09-25T17:29:31.643Z]   Raw: '306770' -> Normalized: '306770'
[2025-09-25T17:29:31.643Z]   Raw: '244827.4' -> Normalized: '244827 4'
[2025-09-25T17:29:31.643Z]   Raw: '251526.6' -> Normalized: '251526 6'
[2025-09-25T17:29:31.643Z]   Raw: '182009.9' -> Normalized: '182009 9'
[2025-09-25T17:29:31.643Z]   Raw: '144563.6' -> Normalized: '144563 6'
[2025-09-25T17:29:31.643Z]   Raw: '111794.7' -> Normalized: '111794 7'
[2025-09-25T17:29:31.643Z]   Raw: '87205.5' -> Normalized: '87205 5'
[2025-09-25T17:29:31.643Z]   Raw: '71326.6' -> Normalized: '71326 6'
[2025-09-25T17:29:31.643Z]   Raw: '56851.8' -> Normalized: '56851 8'
[2025-09-25T17:29:31.643Z]   Raw: '51198.5' -> Normalized: '51198 5'
[2025-09-25T17:29:31.643Z]   Raw: '37316.4' -> Normalized: '37316 4'
[2025-09-25T17:29:31.643Z]   Raw: '27142.4' -> Normalized: '27142 4'
[2025-09-25T17:29:31.643Z]   Raw: '19428.7' -> Normalized: '19428 7'
[2025-09-25T17:29:31.643Z]   Raw: '13462.5' -> Normalized: '13462 5'
[2025-09-25T17:29:31.643Z]   Raw: '13323.7' -> Normalized: '13323 7'
[2025-09-25T17:29:31.643Z]   Raw: '' -> Normalized: ''
[2025-09-25T17:29:31.643Z]   Raw: '' -> Normalized: ''
[2025-09-25T17:29:31.643Z]   Raw: '' -> Normalized: ''
[2025-09-25T17:29:31.643Z]   Raw: '' -> Normalized: ''
[2025-09-25T17:29:31.643Z]   Raw: '' -> Normalized: ''
[2025-09-25T17:29:31.643Z] Row 9: hasCompany=false, hasYear=false
[2025-09-25T17:29:31.643Z] Row 10 headers: ["TECHM","INE669C01036","Tech Mahindra Ltd.","EBITDA",71436,50851,81552,81406,70976,58631,64299,48064,42724,43128,41538,41968,14321,9263,9873,11400,12821,8187,7329,2807.77,1362.31499,816.95343,2078.74754,"","","","","",""]
[2025-09-25T17:29:31.643Z]   Raw: 'TECHM' -> Normalized: 'techm'
[2025-09-25T17:29:31.643Z]   Raw: 'INE669C01036' -> Normalized: 'ine669c01036'
[2025-09-25T17:29:31.643Z]   Raw: 'Tech Mahindra Ltd.' -> Normalized: 'tech mahindra ltd'
[2025-09-25T17:29:31.643Z]   Raw: 'EBITDA' -> Normalized: 'ebitda'
[2025-09-25T17:29:31.643Z]   Raw: '71436' -> Normalized: '71436'
[2025-09-25T17:29:31.643Z]   Raw: '50851' -> Normalized: '50851'
[2025-09-25T17:29:31.643Z]   Raw: '81552' -> Normalized: '81552'
[2025-09-25T17:29:31.643Z]   Raw: '81406' -> Normalized: '81406'
[2025-09-25T17:29:31.643Z]   Raw: '70976' -> Normalized: '70976'
[2025-09-25T17:29:31.643Z]   Raw: '58631' -> Normalized: '58631'
[2025-09-25T17:29:31.643Z]   Raw: '64299' -> Normalized: '64299'
[2025-09-25T17:29:31.643Z]   Raw: '48064' -> Normalized: '48064'
[2025-09-25T17:29:31.643Z]   Raw: '42724' -> Normalized: '42724'
[2025-09-25T17:29:31.643Z]   Raw: '43128' -> Normalized: '43128'
[2025-09-25T17:29:31.643Z]   Raw: '41538' -> Normalized: '41538'
[2025-09-25T17:29:31.643Z]   Raw: '41968' -> Normalized: '41968'
[2025-09-25T17:29:31.643Z]   Raw: '14321' -> Normalized: '14321'
[2025-09-25T17:29:31.643Z]   Raw: '9263' -> Normalized: '9263'
[2025-09-25T17:29:31.643Z]   Raw: '9873' -> Normalized: '9873'
[2025-09-25T17:29:31.643Z]   Raw: '11400' -> Normalized: '11400'
[2025-09-25T17:29:31.643Z]   Raw: '12821' -> Normalized: '12821'
[2025-09-25T17:29:31.643Z]   Raw: '8187' -> Normalized: '8187'
[2025-09-25T17:29:31.643Z]   Raw: '7329' -> Normalized: '7329'
[2025-09-25T17:29:31.643Z]   Raw: '2807.77' -> Normalized: '2807 77'
[2025-09-25T17:29:31.643Z]   Raw: '1362.31499' -> Normalized: '1362 31499'
[2025-09-25T17:29:31.643Z]   Raw: '816.95343' -> Normalized: '816 95343'
[2025-09-25T17:29:31.643Z]   Raw: '2078.74754' -> Normalized: '2078 74754'
[2025-09-25T17:29:31.643Z]   Raw: '' -> Normalized: ''
[2025-09-25T17:29:31.643Z]   Raw: '' -> Normalized: ''
[2025-09-25T17:29:31.643Z]   Raw: '' -> Normalized: ''
[2025-09-25T17:29:31.643Z]   Raw: '' -> Normalized: ''
[2025-09-25T17:29:31.643Z]   Raw: '' -> Normalized: ''
[2025-09-25T17:29:31.643Z]   Raw: '' -> Normalized: ''
[2025-09-25T17:29:31.643Z] Row 10: hasCompany=false, hasYear=false
[2025-09-25T17:29:31.643Z] Row 11 headers: ["INFY","INE009A01021","Infosys Ltd.","PAT",262330,240950,221100,193510,165940,154040,160290,143530,134890,123720,106560,94290,83320,68230,62180,59880,46590,38500,24580,18464.8,12436.3,9547.7,8079.6,6233.192341,"","","","",""]
[2025-09-25T17:29:31.643Z]   Raw: 'INFY' -> Normalized: 'infy'
[2025-09-25T17:29:31.643Z]   Raw: 'INE009A01021' -> Normalized: 'ine009a01021'
[2025-09-25T17:29:31.643Z]   Raw: 'Infosys Ltd.' -> Normalized: 'infosys ltd'
[2025-09-25T17:29:31.643Z]   Raw: 'PAT' -> Normalized: 'pat'
[2025-09-25T17:29:31.643Z]   Raw: '262330' -> Normalized: '262330'
[2025-09-25T17:29:31.643Z]   Raw: '240950' -> Normalized: '240950'
[2025-09-25T17:29:31.643Z]   Raw: '221100' -> Normalized: '221100'
[2025-09-25T17:29:31.643Z]   Raw: '193510' -> Normalized: '193510'
[2025-09-25T17:29:31.643Z]   Raw: '165940' -> Normalized: '165940'
[2025-09-25T17:29:31.643Z]   Raw: '154040' -> Normalized: '154040'
[2025-09-25T17:29:31.643Z]   Raw: '160290' -> Normalized: '160290'
[2025-09-25T17:29:31.643Z]   Raw: '143530' -> Normalized: '143530'
[2025-09-25T17:29:31.643Z]   Raw: '134890' -> Normalized: '134890'
[2025-09-25T17:29:31.643Z]   Raw: '123720' -> Normalized: '123720'
[2025-09-25T17:29:31.643Z]   Raw: '106560' -> Normalized: '106560'
[2025-09-25T17:29:31.643Z]   Raw: '94290' -> Normalized: '94290'
[2025-09-25T17:29:31.643Z]   Raw: '83320' -> Normalized: '83320'
[2025-09-25T17:29:31.643Z]   Raw: '68230' -> Normalized: '68230'
[2025-09-25T17:29:31.643Z]   Raw: '62180' -> Normalized: '62180'
[2025-09-25T17:29:31.643Z]   Raw: '59880' -> Normalized: '59880'
[2025-09-25T17:29:31.643Z]   Raw: '46590' -> Normalized: '46590'
[2025-09-25T17:29:31.643Z]   Raw: '38500' -> Normalized: '38500'
[2025-09-25T17:29:31.643Z]   Raw: '24580' -> Normalized: '24580'
[2025-09-25T17:29:31.643Z]   Raw: '18464.8' -> Normalized: '18464 8'
[2025-09-25T17:29:31.643Z]   Raw: '12436.3' -> Normalized: '12436 3'
[2025-09-25T17:29:31.643Z]   Raw: '9547.7' -> Normalized: '9547 7'
[2025-09-25T17:29:31.643Z]   Raw: '8079.6' -> Normalized: '8079 6'
[2025-09-25T17:29:31.643Z]   Raw: '6233.192341' -> Normalized: '6233 192341'
[2025-09-25T17:29:31.643Z]   Raw: '' -> Normalized: ''
[2025-09-25T17:29:31.643Z]   Raw: '' -> Normalized: ''
[2025-09-25T17:29:31.643Z]   Raw: '' -> Normalized: ''
[2025-09-25T17:29:31.643Z]   Raw: '' -> Normalized: ''
[2025-09-25T17:29:31.643Z]   Raw: '' -> Normalized: ''
[2025-09-25T17:29:31.643Z] Row 11: hasCompany=false, hasYear=true
[2025-09-25T17:29:31.643Z] Row 12 headers: ["WIPRO","INE075A01022","Wipro Ltd.","PAT",131354,110452,113500,122191,107946,97218,90031,80081,84895,89075,86528,77967,61362,55730,52977,46310,38999,32829,29421,20674,16285.39,10315,8468,8855,6663,"","","",""]
[2025-09-25T17:29:31.643Z]   Raw: 'WIPRO' -> Normalized: 'wipro'
[2025-09-25T17:29:31.643Z]   Raw: 'INE075A01022' -> Normalized: 'ine075a01022'
[2025-09-25T17:29:31.643Z]   Raw: 'Wipro Ltd.' -> Normalized: 'wipro ltd'
[2025-09-25T17:29:31.643Z]   Raw: 'PAT' -> Normalized: 'pat'
[2025-09-25T17:29:31.643Z]   Raw: '131354' -> Normalized: '131354'
[2025-09-25T17:29:31.643Z]   Raw: '110452' -> Normalized: '110452'
[2025-09-25T17:29:31.643Z]   Raw: '113500' -> Normalized: '113500'
[2025-09-25T17:29:31.643Z]   Raw: '122191' -> Normalized: '122191'
[2025-09-25T17:29:31.643Z]   Raw: '107946' -> Normalized: '107946'
[2025-09-25T17:29:31.643Z]   Raw: '97218' -> Normalized: '97218'
[2025-09-25T17:29:31.643Z]   Raw: '90031' -> Normalized: '90031'
[2025-09-25T17:29:31.643Z]   Raw: '80081' -> Normalized: '80081'
[2025-09-25T17:29:31.643Z]   Raw: '84895' -> Normalized: '84895'
[2025-09-25T17:29:31.643Z]   Raw: '89075' -> Normalized: '89075'
[2025-09-25T17:29:31.643Z]   Raw: '86528' -> Normalized: '86528'
[2025-09-25T17:29:31.643Z]   Raw: '77967' -> Normalized: '77967'
[2025-09-25T17:29:31.643Z]   Raw: '61362' -> Normalized: '61362'
[2025-09-25T17:29:31.643Z]   Raw: '55730' -> Normalized: '55730'
[2025-09-25T17:29:31.643Z]   Raw: '52977' -> Normalized: '52977'
[2025-09-25T17:29:31.643Z]   Raw: '46310' -> Normalized: '46310'
[2025-09-25T17:29:31.643Z]   Raw: '38999' -> Normalized: '38999'
[2025-09-25T17:29:31.643Z]   Raw: '32829' -> Normalized: '32829'
[2025-09-25T17:29:31.643Z]   Raw: '29421' -> Normalized: '29421'
[2025-09-25T17:29:31.643Z]   Raw: '20674' -> Normalized: '20674'
[2025-09-25T17:29:31.643Z]   Raw: '16285.39' -> Normalized: '16285 39'
[2025-09-25T17:29:31.643Z]   Raw: '10315' -> Normalized: '10315'
[2025-09-25T17:29:31.643Z]   Raw: '8468' -> Normalized: '8468'
[2025-09-25T17:29:31.643Z]   Raw: '8855' -> Normalized: '8855'
[2025-09-25T17:29:31.643Z]   Raw: '6663' -> Normalized: '6663'
[2025-09-25T17:29:31.643Z]   Raw: '' -> Normalized: ''
[2025-09-25T17:29:31.643Z]   Raw: '' -> Normalized: ''
[2025-09-25T17:29:31.643Z]   Raw: '' -> Normalized: ''
[2025-09-25T17:29:31.643Z]   Raw: '' -> Normalized: ''
[2025-09-25T17:29:31.643Z] Row 12: hasCompany=false, hasYear=false
[2025-09-25T17:29:31.643Z] Row 13 headers: ["HCLTECH","INE860A01027","HCL Technologies Ltd.","PAT",173900,157020,148510,134990,111450,110570,101200,87210,86060,74142.252152,65095.1,40400.9,24227,16465.1,12591.9,13196.3,10514.1,13183.1,6439.83016484502,6153.59174034032,6862.3,2479.3,3351.714,4267.801,2274.00271601585,"","","",""]
[2025-09-25T17:29:31.643Z]   Raw: 'HCLTECH' -> Normalized: 'hcltech'
[2025-09-25T17:29:31.643Z]   Raw: 'INE860A01027' -> Normalized: 'ine860a01027'
[2025-09-25T17:29:31.643Z]   Raw: 'HCL Technologies Ltd.' -> Normalized: 'hcl technologies ltd'
[2025-09-25T17:29:31.643Z]   Raw: 'PAT' -> Normalized: 'pat'
[2025-09-25T17:29:31.643Z]   Raw: '173900' -> Normalized: '173900'
[2025-09-25T17:29:31.643Z]   Raw: '157020' -> Normalized: '157020'
[2025-09-25T17:29:31.643Z]   Raw: '148510' -> Normalized: '148510'
[2025-09-25T17:29:31.643Z]   Raw: '134990' -> Normalized: '134990'
[2025-09-25T17:29:31.643Z]   Raw: '111450' -> Normalized: '111450'
[2025-09-25T17:29:31.643Z]   Raw: '110570' -> Normalized: '110570'
[2025-09-25T17:29:31.643Z]   Raw: '101200' -> Normalized: '101200'
[2025-09-25T17:29:31.643Z]   Raw: '87210' -> Normalized: '87210'
[2025-09-25T17:29:31.643Z]   Raw: '86060' -> Normalized: '86060'
[2025-09-25T17:29:31.643Z]   Raw: '74142.252152' -> Normalized: '74142 252152'
[2025-09-25T17:29:31.643Z]   Raw: '65095.1' -> Normalized: '65095 1'
[2025-09-25T17:29:31.643Z]   Raw: '40400.9' -> Normalized: '40400 9'
[2025-09-25T17:29:31.643Z]   Raw: '24227' -> Normalized: '24227'
[2025-09-25T17:29:31.643Z]   Raw: '16465.1' -> Normalized: '16465 1'
[2025-09-25T17:29:31.643Z]   Raw: '12591.9' -> Normalized: '12591 9'
[2025-09-25T17:29:31.643Z]   Raw: '13196.3' -> Normalized: '13196 3'
[2025-09-25T17:29:31.643Z]   Raw: '10514.1' -> Normalized: '10514 1'
[2025-09-25T17:29:31.643Z]   Raw: '13183.1' -> Normalized: '13183 1'
[2025-09-25T17:29:31.643Z]   Raw: '6439.83016484502' -> Normalized: '6439 83016484502'
[2025-09-25T17:29:31.643Z]   Raw: '6153.59174034032' -> Normalized: '6153 59174034032'
[2025-09-25T17:29:31.643Z]   Raw: '6862.3' -> Normalized: '6862 3'
[2025-09-25T17:29:31.643Z]   Raw: '2479.3' -> Normalized: '2479 3'
[2025-09-25T17:29:31.643Z]   Raw: '3351.714' -> Normalized: '3351 714'
[2025-09-25T17:29:31.643Z]   Raw: '4267.801' -> Normalized: '4267 801'
[2025-09-25T17:29:31.643Z]   Raw: '2274.00271601585' -> Normalized: '2274 00271601585'
[2025-09-25T17:29:31.643Z]   Raw: '' -> Normalized: ''
[2025-09-25T17:29:31.643Z]   Raw: '' -> Normalized: ''
[2025-09-25T17:29:31.643Z]   Raw: '' -> Normalized: ''
[2025-09-25T17:29:31.643Z]   Raw: '' -> Normalized: ''
[2025-09-25T17:29:31.643Z] Row 13: hasCompany=false, hasYear=false
[2025-09-25T17:29:31.643Z] Row 14 headers: ["TCS","INE467B01029","Tata Consultancy Services Ltd.","PAT",485530,459080,421470,383270,324300,323400,314720,258260,262890,242700,198521.8,191638.7,139173.1,104134.9,90680.4,70006.4,52564.2,50260.2,42126.3,29667.4,22285.7,16124.5,10728.3,11042.3,"","","","",""]
[2025-09-25T17:29:31.643Z]   Raw: 'TCS' -> Normalized: 'tcs'
[2025-09-25T17:29:31.643Z]   Raw: 'INE467B01029' -> Normalized: 'ine467b01029'
[2025-09-25T17:29:31.643Z]   Raw: 'Tata Consultancy Services Ltd.' -> Normalized: 'tata consultancy services ltd'
[2025-09-25T17:29:31.643Z]   Raw: 'PAT' -> Normalized: 'pat'
[2025-09-25T17:29:31.643Z]   Raw: '485530' -> Normalized: '485530'
[2025-09-25T17:29:31.643Z]   Raw: '459080' -> Normalized: '459080'
[2025-09-25T17:29:31.643Z]   Raw: '421470' -> Normalized: '421470'
[2025-09-25T17:29:31.643Z]   Raw: '383270' -> Normalized: '383270'
[2025-09-25T17:29:31.643Z]   Raw: '324300' -> Normalized: '324300'
[2025-09-25T17:29:31.643Z]   Raw: '323400' -> Normalized: '323400'
[2025-09-25T17:29:31.643Z]   Raw: '314720' -> Normalized: '314720'
[2025-09-25T17:29:31.643Z]   Raw: '258260' -> Normalized: '258260'
[2025-09-25T17:29:31.643Z]   Raw: '262890' -> Normalized: '262890'
[2025-09-25T17:29:31.643Z]   Raw: '242700' -> Normalized: '242700'
[2025-09-25T17:29:31.643Z]   Raw: '198521.8' -> Normalized: '198521 8'
[2025-09-25T17:29:31.643Z]   Raw: '191638.7' -> Normalized: '191638 7'
[2025-09-25T17:29:31.643Z]   Raw: '139173.1' -> Normalized: '139173 1'
[2025-09-25T17:29:31.643Z]   Raw: '104134.9' -> Normalized: '104134 9'
[2025-09-25T17:29:31.643Z]   Raw: '90680.4' -> Normalized: '90680 4'
[2025-09-25T17:29:31.643Z]   Raw: '70006.4' -> Normalized: '70006 4'
[2025-09-25T17:29:31.644Z]   Raw: '52564.2' -> Normalized: '52564 2'
[2025-09-25T17:29:31.644Z]   Raw: '50260.2' -> Normalized: '50260 2'
[2025-09-25T17:29:31.644Z]   Raw: '42126.3' -> Normalized: '42126 3'
[2025-09-25T17:29:31.644Z]   Raw: '29667.4' -> Normalized: '29667 4'
[2025-09-25T17:29:31.644Z]   Raw: '22285.7' -> Normalized: '22285 7'
[2025-09-25T17:29:31.644Z]   Raw: '16124.5' -> Normalized: '16124 5'
[2025-09-25T17:29:31.644Z]   Raw: '10728.3' -> Normalized: '10728 3'
[2025-09-25T17:29:31.644Z]   Raw: '11042.3' -> Normalized: '11042 3'
[2025-09-25T17:29:31.644Z]   Raw: '' -> Normalized: ''
[2025-09-25T17:29:31.644Z]   Raw: '' -> Normalized: ''
[2025-09-25T17:29:31.644Z]   Raw: '' -> Normalized: ''
[2025-09-25T17:29:31.644Z]   Raw: '' -> Normalized: ''
[2025-09-25T17:29:31.644Z]   Raw: '' -> Normalized: ''
[2025-09-25T17:29:31.644Z] Row 14: hasCompany=false, hasYear=false
[2025-09-25T17:29:31.644Z] Row 15 headers: ["TECHM","INE669C01036","Tech Mahindra Ltd.","PAT",42515,23578,48313,55661,44280,40330,42976,37998,28129,29929,26277,30288,13561,10488,9544,7005,10145,7700,6465,2353.71,1023.899531,674.784099,1715.450866,"","","","","",""]
[2025-09-25T17:29:31.644Z]   Raw: 'TECHM' -> Normalized: 'techm'
[2025-09-25T17:29:31.644Z]   Raw: 'INE669C01036' -> Normalized: 'ine669c01036'
[2025-09-25T17:29:31.644Z]   Raw: 'Tech Mahindra Ltd.' -> Normalized: 'tech mahindra ltd'
[2025-09-25T17:29:31.644Z]   Raw: 'PAT' -> Normalized: 'pat'
[2025-09-25T17:29:31.644Z]   Raw: '42515' -> Normalized: '42515'
[2025-09-25T17:29:31.644Z]   Raw: '23578' -> Normalized: '23578'
[2025-09-25T17:29:31.644Z]   Raw: '48313' -> Normalized: '48313'
[2025-09-25T17:29:31.644Z]   Raw: '55661' -> Normalized: '55661'
[2025-09-25T17:29:31.644Z]   Raw: '44280' -> Normalized: '44280'
[2025-09-25T17:29:31.644Z]   Raw: '40330' -> Normalized: '40330'
[2025-09-25T17:29:31.644Z]   Raw: '42976' -> Normalized: '42976'
[2025-09-25T17:29:31.644Z]   Raw: '37998' -> Normalized: '37998'
[2025-09-25T17:29:31.644Z]   Raw: '28129' -> Normalized: '28129'
[2025-09-25T17:29:31.644Z]   Raw: '29929' -> Normalized: '29929'
[2025-09-25T17:29:31.644Z]   Raw: '26277' -> Normalized: '26277'
[2025-09-25T17:29:31.644Z]   Raw: '30288' -> Normalized: '30288'
[2025-09-25T17:29:31.644Z]   Raw: '13561' -> Normalized: '13561'
[2025-09-25T17:29:31.644Z]   Raw: '10488' -> Normalized: '10488'
[2025-09-25T17:29:31.644Z]   Raw: '9544' -> Normalized: '9544'
[2025-09-25T17:29:31.644Z]   Raw: '7005' -> Normalized: '7005'
[2025-09-25T17:29:31.644Z]   Raw: '10145' -> Normalized: '10145'
[2025-09-25T17:29:31.644Z]   Raw: '7700' -> Normalized: '7700'
[2025-09-25T17:29:31.644Z]   Raw: '6465' -> Normalized: '6465'
[2025-09-25T17:29:31.644Z]   Raw: '2353.71' -> Normalized: '2353 71'
[2025-09-25T17:29:31.644Z]   Raw: '1023.899531' -> Normalized: '1023 899531'
[2025-09-25T17:29:31.644Z]   Raw: '674.784099' -> Normalized: '674 784099'
[2025-09-25T17:29:31.644Z]   Raw: '1715.450866' -> Normalized: '1715 450866'
[2025-09-25T17:29:31.644Z]   Raw: '' -> Normalized: ''
[2025-09-25T17:29:31.644Z]   Raw: '' -> Normalized: ''
[2025-09-25T17:29:31.644Z]   Raw: '' -> Normalized: ''
[2025-09-25T17:29:31.644Z]   Raw: '' -> Normalized: ''
[2025-09-25T17:29:31.644Z]   Raw: '' -> Normalized: ''
[2025-09-25T17:29:31.644Z]   Raw: '' -> Normalized: ''
[2025-09-25T17:29:31.644Z] Row 15: hasCompany=false, hasYear=false
[2025-09-25T17:29:31.644Z] Identifying column indices...
[2025-09-25T17:29:31.644Z] Available headers: [
  "ticker",
  "isin",
  "company name",
  "field",
  "2024",
  "2023",
  "2022",
  "2021",
  "2020",
  "2019",
  "2018",
  "2017",
  "2016",
  "2015",
  "2014",
  "2013",
  "2012",
  "2011",
  "2010",
  "2009",
  "2008",
  "2007",
  "2006",
  "2005",
  "2004",
  "2003",
  "2002",
  "2001",
  "2000",
  "1999",
  "1998",
  "1997",
  "1996"
]
[2025-09-25T17:29:31.644Z] Company column index: 2, Year column index: -1
[2025-09-25T17:29:31.644Z] Metric column indices: {
  "revenue": -1,
  "ebitda": -1,
  "pat": -1
}
[2025-09-25T17:31:41.385Z] Backend server started and listening on http://localhost:4000
[2025-09-25T17:32:10.422Z] Request received for /api/companies
[2025-09-25T17:32:10.423Z] Loading workbook...
[2025-09-25T17:32:10.423Z] Looking for Excel file at: /Users/manas/Developer/Tilak Karveran/Intern test - IN funda data ann.xls
[2025-09-25T17:32:10.423Z] Reading Excel file...
[2025-09-25T17:32:10.435Z] Successfully loaded workbook with 1 sheets
[2025-09-25T17:32:10.435Z] Found sheets: Sheet1
[2025-09-25T17:32:10.435Z] Converting sheet to JSON...
[2025-09-25T17:32:10.435Z] Found 16 rows in the sheet
[2025-09-25T17:32:10.436Z] Headers: [
  "ticker",
  "isin",
  "company name",
  "field",
  "2024",
  "2023",
  "2022",
  "2021",
  "2020",
  "2019",
  "2018",
  "2017",
  "2016",
  "2015",
  "2014",
  "2013",
  "2012",
  "2011",
  "2010",
  "2009",
  "2008",
  "2007",
  "2006",
  "2005",
  "2004",
  "2003",
  "2002",
  "2001",
  "2000",
  "1999",
  "1998",
  "1997",
  "1996"
]
[2025-09-25T17:32:10.436Z] Indices - Ticker: 0, Company: 2, Field: 3
[2025-09-25T17:32:10.436Z] Found 29 year columns: 2024, 2023, 2022, 2021, 2020, 2019, 2018, 2017, 2016, 2015, 2014, 2013, 2012, 2011, 2010, 2009, 2008, 2007, 2006, 2005, 2004, 2003, 2002, 2001, 2000, 1999, 1998, 1997, 1996
[2025-09-25T17:32:10.436Z] Processed 363 data points for 5 companies and 3 metrics
[2025-09-25T17:32:10.436Z] Error in /api/companies: {}
[2025-09-25T17:33:11.675Z] Backend server started and listening on http://localhost:4000
[2025-09-25T17:33:19.711Z] Request received for /api/companies
[2025-09-25T17:33:19.712Z] Loading workbook...
[2025-09-25T17:33:19.712Z] Looking for Excel file at: /Users/manas/Developer/Tilak Karveran/Intern test - IN funda data ann.xls
[2025-09-25T17:33:19.712Z] Reading Excel file...
[2025-09-25T17:33:19.722Z] Successfully loaded workbook with 1 sheets
[2025-09-25T17:33:19.722Z] Found sheets: Sheet1
[2025-09-25T17:33:19.722Z] Converting sheet to JSON...
[2025-09-25T17:33:19.723Z] Found 16 rows in the sheet
[2025-09-25T17:33:19.723Z] Headers: [
  "ticker",
  "isin",
  "company name",
  "field",
  "2024",
  "2023",
  "2022",
  "2021",
  "2020",
  "2019",
  "2018",
  "2017",
  "2016",
  "2015",
  "2014",
  "2013",
  "2012",
  "2011",
  "2010",
  "2009",
  "2008",
  "2007",
  "2006",
  "2005",
  "2004",
  "2003",
  "2002",
  "2001",
  "2000",
  "1999",
  "1998",
  "1997",
  "1996"
]
[2025-09-25T17:33:19.723Z] Indices - Ticker: 0, Company: 2, Field: 3
[2025-09-25T17:33:19.723Z] Found 29 year columns: 2024, 2023, 2022, 2021, 2020, 2019, 2018, 2017, 2016, 2015, 2014, 2013, 2012, 2011, 2010, 2009, 2008, 2007, 2006, 2005, 2004, 2003, 2002, 2001, 2000, 1999, 1998, 1997, 1996
[2025-09-25T17:33:19.724Z] Processed 363 data points for 5 companies and 3 metrics
[2025-09-25T17:33:19.724Z] Found 5 companies
[2025-09-25T17:33:24.550Z] Request received for /api/metrics
[2025-09-25T17:33:24.550Z] Loading workbook...
[2025-09-25T17:33:24.550Z] Looking for Excel file at: /Users/manas/Developer/Tilak Karveran/Intern test - IN funda data ann.xls
[2025-09-25T17:33:24.550Z] Reading Excel file...
[2025-09-25T17:33:24.554Z] Successfully loaded workbook with 1 sheets
[2025-09-25T17:33:24.554Z] Found sheets: Sheet1
[2025-09-25T17:33:24.554Z] Converting sheet to JSON...
[2025-09-25T17:33:24.554Z] Found 16 rows in the sheet
[2025-09-25T17:33:24.554Z] Headers: [
  "ticker",
  "isin",
  "company name",
  "field",
  "2024",
  "2023",
  "2022",
  "2021",
  "2020",
  "2019",
  "2018",
  "2017",
  "2016",
  "2015",
  "2014",
  "2013",
  "2012",
  "2011",
  "2010",
  "2009",
  "2008",
  "2007",
  "2006",
  "2005",
  "2004",
  "2003",
  "2002",
  "2001",
  "2000",
  "1999",
  "1998",
  "1997",
  "1996"
]
[2025-09-25T17:33:24.554Z] Indices - Ticker: 0, Company: 2, Field: 3
[2025-09-25T17:33:24.554Z] Found 29 year columns: 2024, 2023, 2022, 2021, 2020, 2019, 2018, 2017, 2016, 2015, 2014, 2013, 2012, 2011, 2010, 2009, 2008, 2007, 2006, 2005, 2004, 2003, 2002, 2001, 2000, 1999, 1998, 1997, 1996
[2025-09-25T17:33:24.554Z] Processed 363 data points for 5 companies and 3 metrics
[2025-09-25T17:33:24.554Z] Found 3 metrics
[2025-09-25T17:33:32.291Z] Request received for /api/data?company=Tata Consultancy Services Ltd.&metric=pat
[2025-09-25T17:33:32.291Z] Loading workbook...
[2025-09-25T17:33:32.291Z] Looking for Excel file at: /Users/manas/Developer/Tilak Karveran/Intern test - IN funda data ann.xls
[2025-09-25T17:33:32.291Z] Reading Excel file...
[2025-09-25T17:33:32.297Z] Successfully loaded workbook with 1 sheets
[2025-09-25T17:33:32.297Z] Found sheets: Sheet1
[2025-09-25T17:33:32.297Z] Converting sheet to JSON...
[2025-09-25T17:33:32.298Z] Found 16 rows in the sheet
[2025-09-25T17:33:32.298Z] Headers: [
  "ticker",
  "isin",
  "company name",
  "field",
  "2024",
  "2023",
  "2022",
  "2021",
  "2020",
  "2019",
  "2018",
  "2017",
  "2016",
  "2015",
  "2014",
  "2013",
  "2012",
  "2011",
  "2010",
  "2009",
  "2008",
  "2007",
  "2006",
  "2005",
  "2004",
  "2003",
  "2002",
  "2001",
  "2000",
  "1999",
  "1998",
  "1997",
  "1996"
]
[2025-09-25T17:33:32.298Z] Indices - Ticker: 0, Company: 2, Field: 3
[2025-09-25T17:33:32.298Z] Found 29 year columns: 2024, 2023, 2022, 2021, 2020, 2019, 2018, 2017, 2016, 2015, 2014, 2013, 2012, 2011, 2010, 2009, 2008, 2007, 2006, 2005, 2004, 2003, 2002, 2001, 2000, 1999, 1998, 1997, 1996
[2025-09-25T17:33:32.298Z] Processed 363 data points for 5 companies and 3 metrics
[2025-09-25T17:33:32.298Z] Processing request for company: Tata Consultancy Services Ltd., metric: pat
[2025-09-25T17:33:32.298Z] Total records: 363
[2025-09-25T17:33:32.298Z] Found 24 records for company=Tata Consultancy Services Ltd., metric=pat
[2025-09-25T17:47:27.646Z] Uncaught Exception: {
  "code": "EADDRINUSE",
  "errno": -48,
  "syscall": "listen",
  "address": "::",
  "port": 4000
}
[2025-09-25T17:47:45.459Z] Request received for /api/companies
[2025-09-25T17:47:45.460Z] Loading workbook...
[2025-09-25T17:47:45.460Z] Looking for Excel file at: /Users/manas/Developer/Tilak Karveran/Intern test - IN funda data ann.xls
[2025-09-25T17:47:45.460Z] Reading Excel file...
[2025-09-25T17:47:45.472Z] Successfully loaded workbook with 1 sheets
[2025-09-25T17:47:45.472Z] Found sheets: Sheet1
[2025-09-25T17:47:45.472Z] Converting sheet to JSON...
[2025-09-25T17:47:45.473Z] Found 16 rows in the sheet
[2025-09-25T17:47:45.473Z] Headers: [
  "ticker",
  "isin",
  "company name",
  "field",
  "2024",
  "2023",
  "2022",
  "2021",
  "2020",
  "2019",
  "2018",
  "2017",
  "2016",
  "2015",
  "2014",
  "2013",
  "2012",
  "2011",
  "2010",
  "2009",
  "2008",
  "2007",
  "2006",
  "2005",
  "2004",
  "2003",
  "2002",
  "2001",
  "2000",
  "1999",
  "1998",
  "1997",
  "1996"
]
[2025-09-25T17:47:45.473Z] Indices - Ticker: 0, Company: 2, Field: 3
[2025-09-25T17:47:45.473Z] Found 29 year columns: 2024, 2023, 2022, 2021, 2020, 2019, 2018, 2017, 2016, 2015, 2014, 2013, 2012, 2011, 2010, 2009, 2008, 2007, 2006, 2005, 2004, 2003, 2002, 2001, 2000, 1999, 1998, 1997, 1996
[2025-09-25T17:47:45.473Z] Processed 363 data points for 5 companies and 3 metrics
[2025-09-25T17:47:45.473Z] Found 5 companies
[2025-09-25T17:47:45.477Z] Request received for /api/metrics
[2025-09-25T17:47:45.477Z] Loading workbook...
[2025-09-25T17:47:45.477Z] Looking for Excel file at: /Users/manas/Developer/Tilak Karveran/Intern test - IN funda data ann.xls
[2025-09-25T17:47:45.478Z] Reading Excel file...
[2025-09-25T17:47:45.489Z] Successfully loaded workbook with 1 sheets
[2025-09-25T17:47:45.489Z] Found sheets: Sheet1
[2025-09-25T17:47:45.489Z] Converting sheet to JSON...
[2025-09-25T17:47:45.490Z] Found 16 rows in the sheet
[2025-09-25T17:47:45.490Z] Headers: [
  "ticker",
  "isin",
  "company name",
  "field",
  "2024",
  "2023",
  "2022",
  "2021",
  "2020",
  "2019",
  "2018",
  "2017",
  "2016",
  "2015",
  "2014",
  "2013",
  "2012",
  "2011",
  "2010",
  "2009",
  "2008",
  "2007",
  "2006",
  "2005",
  "2004",
  "2003",
  "2002",
  "2001",
  "2000",
  "1999",
  "1998",
  "1997",
  "1996"
]
[2025-09-25T17:47:45.490Z] Indices - Ticker: 0, Company: 2, Field: 3
[2025-09-25T17:47:45.490Z] Found 29 year columns: 2024, 2023, 2022, 2021, 2020, 2019, 2018, 2017, 2016, 2015, 2014, 2013, 2012, 2011, 2010, 2009, 2008, 2007, 2006, 2005, 2004, 2003, 2002, 2001, 2000, 1999, 1998, 1997, 1996
[2025-09-25T17:47:45.490Z] Processed 363 data points for 5 companies and 3 metrics
[2025-09-25T17:47:45.490Z] Found 3 metrics
[2025-09-25T17:47:45.492Z] Request received for /api/companies
[2025-09-25T17:47:45.492Z] Loading workbook...
[2025-09-25T17:47:45.492Z] Looking for Excel file at: /Users/manas/Developer/Tilak Karveran/Intern test - IN funda data ann.xls
[2025-09-25T17:47:45.492Z] Reading Excel file...
[2025-09-25T17:47:45.502Z] Successfully loaded workbook with 1 sheets
[2025-09-25T17:47:45.502Z] Found sheets: Sheet1
[2025-09-25T17:47:45.502Z] Converting sheet to JSON...
[2025-09-25T17:47:45.503Z] Found 16 rows in the sheet
[2025-09-25T17:47:45.503Z] Headers: [
  "ticker",
  "isin",
  "company name",
  "field",
  "2024",
  "2023",
  "2022",
  "2021",
  "2020",
  "2019",
  "2018",
  "2017",
  "2016",
  "2015",
  "2014",
  "2013",
  "2012",
  "2011",
  "2010",
  "2009",
  "2008",
  "2007",
  "2006",
  "2005",
  "2004",
  "2003",
  "2002",
  "2001",
  "2000",
  "1999",
  "1998",
  "1997",
  "1996"
]
[2025-09-25T17:47:45.503Z] Indices - Ticker: 0, Company: 2, Field: 3
[2025-09-25T17:47:45.503Z] Found 29 year columns: 2024, 2023, 2022, 2021, 2020, 2019, 2018, 2017, 2016, 2015, 2014, 2013, 2012, 2011, 2010, 2009, 2008, 2007, 2006, 2005, 2004, 2003, 2002, 2001, 2000, 1999, 1998, 1997, 1996
[2025-09-25T17:47:45.503Z] Processed 363 data points for 5 companies and 3 metrics
[2025-09-25T17:47:45.503Z] Found 5 companies
[2025-09-25T17:47:45.507Z] Request received for /api/metrics
[2025-09-25T17:47:45.507Z] Loading workbook...
[2025-09-25T17:47:45.507Z] Looking for Excel file at: /Users/manas/Developer/Tilak Karveran/Intern test - IN funda data ann.xls
[2025-09-25T17:47:45.507Z] Reading Excel file...
[2025-09-25T17:47:45.512Z] Successfully loaded workbook with 1 sheets
[2025-09-25T17:47:45.512Z] Found sheets: Sheet1
[2025-09-25T17:47:45.512Z] Converting sheet to JSON...
[2025-09-25T17:47:45.513Z] Found 16 rows in the sheet
[2025-09-25T17:47:45.513Z] Headers: [
  "ticker",
  "isin",
  "company name",
  "field",
  "2024",
  "2023",
  "2022",
  "2021",
  "2020",
  "2019",
  "2018",
  "2017",
  "2016",
  "2015",
  "2014",
  "2013",
  "2012",
  "2011",
  "2010",
  "2009",
  "2008",
  "2007",
  "2006",
  "2005",
  "2004",
  "2003",
  "2002",
  "2001",
  "2000",
  "1999",
  "1998",
  "1997",
  "1996"
]
[2025-09-25T17:47:45.513Z] Indices - Ticker: 0, Company: 2, Field: 3
[2025-09-25T17:47:45.513Z] Found 29 year columns: 2024, 2023, 2022, 2021, 2020, 2019, 2018, 2017, 2016, 2015, 2014, 2013, 2012, 2011, 2010, 2009, 2008, 2007, 2006, 2005, 2004, 2003, 2002, 2001, 2000, 1999, 1998, 1997, 1996
[2025-09-25T17:47:45.513Z] Processed 363 data points for 5 companies and 3 metrics
[2025-09-25T17:47:45.513Z] Found 3 metrics
[2025-09-25T17:47:45.564Z] Request received for /api/companies
[2025-09-25T17:47:45.564Z] Loading workbook...
[2025-09-25T17:47:45.564Z] Looking for Excel file at: /Users/manas/Developer/Tilak Karveran/Intern test - IN funda data ann.xls
[2025-09-25T17:47:45.564Z] Reading Excel file...
[2025-09-25T17:47:45.568Z] Successfully loaded workbook with 1 sheets
[2025-09-25T17:47:45.568Z] Found sheets: Sheet1
[2025-09-25T17:47:45.568Z] Converting sheet to JSON...
[2025-09-25T17:47:45.568Z] Found 16 rows in the sheet
[2025-09-25T17:47:45.568Z] Headers: [
  "ticker",
  "isin",
  "company name",
  "field",
  "2024",
  "2023",
  "2022",
  "2021",
  "2020",
  "2019",
  "2018",
  "2017",
  "2016",
  "2015",
  "2014",
  "2013",
  "2012",
  "2011",
  "2010",
  "2009",
  "2008",
  "2007",
  "2006",
  "2005",
  "2004",
  "2003",
  "2002",
  "2001",
  "2000",
  "1999",
  "1998",
  "1997",
  "1996"
]
[2025-09-25T17:47:45.568Z] Indices - Ticker: 0, Company: 2, Field: 3
[2025-09-25T17:47:45.568Z] Found 29 year columns: 2024, 2023, 2022, 2021, 2020, 2019, 2018, 2017, 2016, 2015, 2014, 2013, 2012, 2011, 2010, 2009, 2008, 2007, 2006, 2005, 2004, 2003, 2002, 2001, 2000, 1999, 1998, 1997, 1996
[2025-09-25T17:47:45.569Z] Processed 363 data points for 5 companies and 3 metrics
[2025-09-25T17:47:45.569Z] Found 5 companies
[2025-09-25T17:47:45.570Z] Request received for /api/metrics
[2025-09-25T17:47:45.570Z] Loading workbook...
[2025-09-25T17:47:45.570Z] Looking for Excel file at: /Users/manas/Developer/Tilak Karveran/Intern test - IN funda data ann.xls
[2025-09-25T17:47:45.570Z] Reading Excel file...
[2025-09-25T17:47:45.572Z] Successfully loaded workbook with 1 sheets
[2025-09-25T17:47:45.573Z] Found sheets: Sheet1
[2025-09-25T17:47:45.573Z] Converting sheet to JSON...
[2025-09-25T17:47:45.573Z] Found 16 rows in the sheet
[2025-09-25T17:47:45.573Z] Headers: [
  "ticker",
  "isin",
  "company name",
  "field",
  "2024",
  "2023",
  "2022",
  "2021",
  "2020",
  "2019",
  "2018",
  "2017",
  "2016",
  "2015",
  "2014",
  "2013",
  "2012",
  "2011",
  "2010",
  "2009",
  "2008",
  "2007",
  "2006",
  "2005",
  "2004",
  "2003",
  "2002",
  "2001",
  "2000",
  "1999",
  "1998",
  "1997",
  "1996"
]
[2025-09-25T17:47:45.573Z] Indices - Ticker: 0, Company: 2, Field: 3
[2025-09-25T17:47:45.573Z] Found 29 year columns: 2024, 2023, 2022, 2021, 2020, 2019, 2018, 2017, 2016, 2015, 2014, 2013, 2012, 2011, 2010, 2009, 2008, 2007, 2006, 2005, 2004, 2003, 2002, 2001, 2000, 1999, 1998, 1997, 1996
[2025-09-25T17:47:45.573Z] Processed 363 data points for 5 companies and 3 metrics
[2025-09-25T17:47:45.573Z] Found 3 metrics
[2025-09-25T17:47:45.575Z] Request received for /api/companies
[2025-09-25T17:47:45.575Z] Loading workbook...
[2025-09-25T17:47:45.575Z] Looking for Excel file at: /Users/manas/Developer/Tilak Karveran/Intern test - IN funda data ann.xls
[2025-09-25T17:47:45.575Z] Reading Excel file...
[2025-09-25T17:47:45.577Z] Successfully loaded workbook with 1 sheets
[2025-09-25T17:47:45.577Z] Found sheets: Sheet1
[2025-09-25T17:47:45.577Z] Converting sheet to JSON...
[2025-09-25T17:47:45.577Z] Found 16 rows in the sheet
[2025-09-25T17:47:45.577Z] Headers: [
  "ticker",
  "isin",
  "company name",
  "field",
  "2024",
  "2023",
  "2022",
  "2021",
  "2020",
  "2019",
  "2018",
  "2017",
  "2016",
  "2015",
  "2014",
  "2013",
  "2012",
  "2011",
  "2010",
  "2009",
  "2008",
  "2007",
  "2006",
  "2005",
  "2004",
  "2003",
  "2002",
  "2001",
  "2000",
  "1999",
  "1998",
  "1997",
  "1996"
]
[2025-09-25T17:47:45.578Z] Indices - Ticker: 0, Company: 2, Field: 3
[2025-09-25T17:47:45.578Z] Found 29 year columns: 2024, 2023, 2022, 2021, 2020, 2019, 2018, 2017, 2016, 2015, 2014, 2013, 2012, 2011, 2010, 2009, 2008, 2007, 2006, 2005, 2004, 2003, 2002, 2001, 2000, 1999, 1998, 1997, 1996
[2025-09-25T17:47:45.578Z] Processed 363 data points for 5 companies and 3 metrics
[2025-09-25T17:47:45.578Z] Found 5 companies
[2025-09-25T17:47:45.580Z] Request received for /api/metrics
[2025-09-25T17:47:45.580Z] Loading workbook...
[2025-09-25T17:47:45.580Z] Looking for Excel file at: /Users/manas/Developer/Tilak Karveran/Intern test - IN funda data ann.xls
[2025-09-25T17:47:45.580Z] Reading Excel file...
[2025-09-25T17:47:45.584Z] Successfully loaded workbook with 1 sheets
[2025-09-25T17:47:45.584Z] Found sheets: Sheet1
[2025-09-25T17:47:45.584Z] Converting sheet to JSON...
[2025-09-25T17:47:45.584Z] Found 16 rows in the sheet
[2025-09-25T17:47:45.584Z] Headers: [
  "ticker",
  "isin",
  "company name",
  "field",
  "2024",
  "2023",
  "2022",
  "2021",
  "2020",
  "2019",
  "2018",
  "2017",
  "2016",
  "2015",
  "2014",
  "2013",
  "2012",
  "2011",
  "2010",
  "2009",
  "2008",
  "2007",
  "2006",
  "2005",
  "2004",
  "2003",
  "2002",
  "2001",
  "2000",
  "1999",
  "1998",
  "1997",
  "1996"
]
[2025-09-25T17:47:45.584Z] Indices - Ticker: 0, Company: 2, Field: 3
[2025-09-25T17:47:45.584Z] Found 29 year columns: 2024, 2023, 2022, 2021, 2020, 2019, 2018, 2017, 2016, 2015, 2014, 2013, 2012, 2011, 2010, 2009, 2008, 2007, 2006, 2005, 2004, 2003, 2002, 2001, 2000, 1999, 1998, 1997, 1996
[2025-09-25T17:47:45.584Z] Processed 363 data points for 5 companies and 3 metrics
[2025-09-25T17:47:45.584Z] Found 3 metrics
[2025-09-25T17:47:53.565Z] Request received for /api/data?company=Infosys Ltd.&metric=pat
[2025-09-25T17:47:53.565Z] Loading workbook...
[2025-09-25T17:47:53.565Z] Looking for Excel file at: /Users/manas/Developer/Tilak Karveran/Intern test - IN funda data ann.xls
[2025-09-25T17:47:53.566Z] Reading Excel file...
[2025-09-25T17:47:53.570Z] Successfully loaded workbook with 1 sheets
[2025-09-25T17:47:53.570Z] Found sheets: Sheet1
[2025-09-25T17:47:53.570Z] Converting sheet to JSON...
[2025-09-25T17:47:53.571Z] Found 16 rows in the sheet
[2025-09-25T17:47:53.571Z] Headers: [
  "ticker",
  "isin",
  "company name",
  "field",
  "2024",
  "2023",
  "2022",
  "2021",
  "2020",
  "2019",
  "2018",
  "2017",
  "2016",
  "2015",
  "2014",
  "2013",
  "2012",
  "2011",
  "2010",
  "2009",
  "2008",
  "2007",
  "2006",
  "2005",
  "2004",
  "2003",
  "2002",
  "2001",
  "2000",
  "1999",
  "1998",
  "1997",
  "1996"
]
[2025-09-25T17:47:53.571Z] Indices - Ticker: 0, Company: 2, Field: 3
[2025-09-25T17:47:53.571Z] Found 29 year columns: 2024, 2023, 2022, 2021, 2020, 2019, 2018, 2017, 2016, 2015, 2014, 2013, 2012, 2011, 2010, 2009, 2008, 2007, 2006, 2005, 2004, 2003, 2002, 2001, 2000, 1999, 1998, 1997, 1996
[2025-09-25T17:47:53.571Z] Processed 363 data points for 5 companies and 3 metrics
[2025-09-25T17:47:53.571Z] Processing request for company: Infosys Ltd., metric: pat
[2025-09-25T17:47:53.571Z] Total records: 363
[2025-09-25T17:47:53.571Z] Found 24 records for company=Infosys Ltd., metric=pat
[2025-09-25T17:48:14.087Z] Request received for /api/data?company=Wipro Ltd.&metric=ebitda
[2025-09-25T17:48:14.088Z] Loading workbook...
[2025-09-25T17:48:14.088Z] Looking for Excel file at: /Users/manas/Developer/Tilak Karveran/Intern test - IN funda data ann.xls
[2025-09-25T17:48:14.088Z] Reading Excel file...
[2025-09-25T17:48:14.097Z] Successfully loaded workbook with 1 sheets
[2025-09-25T17:48:14.098Z] Found sheets: Sheet1
[2025-09-25T17:48:14.098Z] Converting sheet to JSON...
[2025-09-25T17:48:14.098Z] Found 16 rows in the sheet
[2025-09-25T17:48:14.098Z] Headers: [
  "ticker",
  "isin",
  "company name",
  "field",
  "2024",
  "2023",
  "2022",
  "2021",
  "2020",
  "2019",
  "2018",
  "2017",
  "2016",
  "2015",
  "2014",
  "2013",
  "2012",
  "2011",
  "2010",
  "2009",
  "2008",
  "2007",
  "2006",
  "2005",
  "2004",
  "2003",
  "2002",
  "2001",
  "2000",
  "1999",
  "1998",
  "1997",
  "1996"
]
[2025-09-25T17:48:14.098Z] Indices - Ticker: 0, Company: 2, Field: 3
[2025-09-25T17:48:14.098Z] Found 29 year columns: 2024, 2023, 2022, 2021, 2020, 2019, 2018, 2017, 2016, 2015, 2014, 2013, 2012, 2011, 2010, 2009, 2008, 2007, 2006, 2005, 2004, 2003, 2002, 2001, 2000, 1999, 1998, 1997, 1996
[2025-09-25T17:48:14.098Z] Processed 363 data points for 5 companies and 3 metrics
[2025-09-25T17:48:14.098Z] Processing request for company: Wipro Ltd., metric: ebitda
[2025-09-25T17:48:14.098Z] Total records: 363
[2025-09-25T17:48:14.098Z] Found 25 records for company=Wipro Ltd., metric=ebitda
[2025-09-25T17:55:29.152Z] Request received for /api/companies
[2025-09-25T17:55:29.153Z] Loading workbook...
[2025-09-25T17:55:29.153Z] Looking for Excel file at: /Users/manas/Developer/Tilak Karveran/Intern test - IN funda data ann.xls
[2025-09-25T17:55:29.153Z] Reading Excel file...
[2025-09-25T17:55:29.159Z] Successfully loaded workbook with 1 sheets
[2025-09-25T17:55:29.159Z] Found sheets: Sheet1
[2025-09-25T17:55:29.159Z] Converting sheet to JSON...
[2025-09-25T17:55:29.159Z] Found 16 rows in the sheet
[2025-09-25T17:55:29.159Z] Headers: [
  "ticker",
  "isin",
  "company name",
  "field",
  "2024",
  "2023",
  "2022",
  "2021",
  "2020",
  "2019",
  "2018",
  "2017",
  "2016",
  "2015",
  "2014",
  "2013",
  "2012",
  "2011",
  "2010",
  "2009",
  "2008",
  "2007",
  "2006",
  "2005",
  "2004",
  "2003",
  "2002",
  "2001",
  "2000",
  "1999",
  "1998",
  "1997",
  "1996"
]
[2025-09-25T17:55:29.159Z] Indices - Ticker: 0, Company: 2, Field: 3
[2025-09-25T17:55:29.159Z] Found 29 year columns: 2024, 2023, 2022, 2021, 2020, 2019, 2018, 2017, 2016, 2015, 2014, 2013, 2012, 2011, 2010, 2009, 2008, 2007, 2006, 2005, 2004, 2003, 2002, 2001, 2000, 1999, 1998, 1997, 1996
[2025-09-25T17:55:29.159Z] Processed 363 data points for 5 companies and 3 metrics
[2025-09-25T17:55:29.159Z] Found 5 companies
[2025-09-25T17:55:29.161Z] Request received for /api/metrics
[2025-09-25T17:55:29.161Z] Loading workbook...
[2025-09-25T17:55:29.161Z] Looking for Excel file at: /Users/manas/Developer/Tilak Karveran/Intern test - IN funda data ann.xls
[2025-09-25T17:55:29.161Z] Reading Excel file...
[2025-09-25T17:55:29.165Z] Successfully loaded workbook with 1 sheets
[2025-09-25T17:55:29.165Z] Found sheets: Sheet1
[2025-09-25T17:55:29.165Z] Converting sheet to JSON...
[2025-09-25T17:55:29.165Z] Found 16 rows in the sheet
[2025-09-25T17:55:29.165Z] Headers: [
  "ticker",
  "isin",
  "company name",
  "field",
  "2024",
  "2023",
  "2022",
  "2021",
  "2020",
  "2019",
  "2018",
  "2017",
  "2016",
  "2015",
  "2014",
  "2013",
  "2012",
  "2011",
  "2010",
  "2009",
  "2008",
  "2007",
  "2006",
  "2005",
  "2004",
  "2003",
  "2002",
  "2001",
  "2000",
  "1999",
  "1998",
  "1997",
  "1996"
]
[2025-09-25T17:55:29.165Z] Indices - Ticker: 0, Company: 2, Field: 3
[2025-09-25T17:55:29.165Z] Found 29 year columns: 2024, 2023, 2022, 2021, 2020, 2019, 2018, 2017, 2016, 2015, 2014, 2013, 2012, 2011, 2010, 2009, 2008, 2007, 2006, 2005, 2004, 2003, 2002, 2001, 2000, 1999, 1998, 1997, 1996
[2025-09-25T17:55:29.165Z] Processed 363 data points for 5 companies and 3 metrics
[2025-09-25T17:55:29.165Z] Found 3 metrics
[2025-09-25T17:55:29.167Z] Request received for /api/companies
[2025-09-25T17:55:29.167Z] Loading workbook...
[2025-09-25T17:55:29.167Z] Looking for Excel file at: /Users/manas/Developer/Tilak Karveran/Intern test - IN funda data ann.xls
[2025-09-25T17:55:29.167Z] Reading Excel file...
[2025-09-25T17:55:29.168Z] Successfully loaded workbook with 1 sheets
[2025-09-25T17:55:29.168Z] Found sheets: Sheet1
[2025-09-25T17:55:29.168Z] Converting sheet to JSON...
[2025-09-25T17:55:29.169Z] Found 16 rows in the sheet
[2025-09-25T17:55:29.169Z] Headers: [
  "ticker",
  "isin",
  "company name",
  "field",
  "2024",
  "2023",
  "2022",
  "2021",
  "2020",
  "2019",
  "2018",
  "2017",
  "2016",
  "2015",
  "2014",
  "2013",
  "2012",
  "2011",
  "2010",
  "2009",
  "2008",
  "2007",
  "2006",
  "2005",
  "2004",
  "2003",
  "2002",
  "2001",
  "2000",
  "1999",
  "1998",
  "1997",
  "1996"
]
[2025-09-25T17:55:29.169Z] Indices - Ticker: 0, Company: 2, Field: 3
[2025-09-25T17:55:29.169Z] Found 29 year columns: 2024, 2023, 2022, 2021, 2020, 2019, 2018, 2017, 2016, 2015, 2014, 2013, 2012, 2011, 2010, 2009, 2008, 2007, 2006, 2005, 2004, 2003, 2002, 2001, 2000, 1999, 1998, 1997, 1996
[2025-09-25T17:55:29.169Z] Processed 363 data points for 5 companies and 3 metrics
[2025-09-25T17:55:29.169Z] Found 5 companies
[2025-09-25T17:55:29.169Z] Request received for /api/metrics
[2025-09-25T17:55:29.169Z] Loading workbook...
[2025-09-25T17:55:29.169Z] Looking for Excel file at: /Users/manas/Developer/Tilak Karveran/Intern test - IN funda data ann.xls
[2025-09-25T17:55:29.169Z] Reading Excel file...
[2025-09-25T17:55:29.171Z] Successfully loaded workbook with 1 sheets
[2025-09-25T17:55:29.171Z] Found sheets: Sheet1
[2025-09-25T17:55:29.171Z] Converting sheet to JSON...
[2025-09-25T17:55:29.171Z] Found 16 rows in the sheet
[2025-09-25T17:55:29.171Z] Headers: [
  "ticker",
  "isin",
  "company name",
  "field",
  "2024",
  "2023",
  "2022",
  "2021",
  "2020",
  "2019",
  "2018",
  "2017",
  "2016",
  "2015",
  "2014",
  "2013",
  "2012",
  "2011",
  "2010",
  "2009",
  "2008",
  "2007",
  "2006",
  "2005",
  "2004",
  "2003",
  "2002",
  "2001",
  "2000",
  "1999",
  "1998",
  "1997",
  "1996"
]
[2025-09-25T17:55:29.171Z] Indices - Ticker: 0, Company: 2, Field: 3
[2025-09-25T17:55:29.171Z] Found 29 year columns: 2024, 2023, 2022, 2021, 2020, 2019, 2018, 2017, 2016, 2015, 2014, 2013, 2012, 2011, 2010, 2009, 2008, 2007, 2006, 2005, 2004, 2003, 2002, 2001, 2000, 1999, 1998, 1997, 1996
[2025-09-25T17:55:29.172Z] Processed 363 data points for 5 companies and 3 metrics
[2025-09-25T17:55:29.172Z] Found 3 metrics
[2025-09-25T17:55:35.070Z] Request received for /api/data?company=Tech Mahindra Ltd.&metric=sales
[2025-09-25T17:55:35.070Z] Loading workbook...
[2025-09-25T17:55:35.071Z] Looking for Excel file at: /Users/manas/Developer/Tilak Karveran/Intern test - IN funda data ann.xls
[2025-09-25T17:55:35.071Z] Reading Excel file...
[2025-09-25T17:55:35.074Z] Successfully loaded workbook with 1 sheets
[2025-09-25T17:55:35.074Z] Found sheets: Sheet1
[2025-09-25T17:55:35.074Z] Converting sheet to JSON...
[2025-09-25T17:55:35.075Z] Found 16 rows in the sheet
[2025-09-25T17:55:35.075Z] Headers: [
  "ticker",
  "isin",
  "company name",
  "field",
  "2024",
  "2023",
  "2022",
  "2021",
  "2020",
  "2019",
  "2018",
  "2017",
  "2016",
  "2015",
  "2014",
  "2013",
  "2012",
  "2011",
  "2010",
  "2009",
  "2008",
  "2007",
  "2006",
  "2005",
  "2004",
  "2003",
  "2002",
  "2001",
  "2000",
  "1999",
  "1998",
  "1997",
  "1996"
]
[2025-09-25T17:55:35.075Z] Indices - Ticker: 0, Company: 2, Field: 3
[2025-09-25T17:55:35.075Z] Found 29 year columns: 2024, 2023, 2022, 2021, 2020, 2019, 2018, 2017, 2016, 2015, 2014, 2013, 2012, 2011, 2010, 2009, 2008, 2007, 2006, 2005, 2004, 2003, 2002, 2001, 2000, 1999, 1998, 1997, 1996
[2025-09-25T17:55:35.075Z] Processed 363 data points for 5 companies and 3 metrics
[2025-09-25T17:55:35.075Z] Processing request for company: Tech Mahindra Ltd., metric: sales
[2025-09-25T17:55:35.075Z] Total records: 363
[2025-09-25T17:55:35.075Z] Found 23 records for company=Tech Mahindra Ltd., metric=sales
[2025-10-03T07:39:17.497Z] Backend server started and listening on http://localhost:4000
[2025-10-03T07:39:26.082Z] Request received for /api/companies
[2025-10-03T07:39:26.083Z] Loading workbook...
[2025-10-03T07:39:26.083Z] Looking for Excel file at: /Users/manas/Developer/Tilak Karveran/Intern test - IN funda data ann.xls
[2025-10-03T07:39:26.083Z] Reading Excel file...
[2025-10-03T07:39:26.105Z] Successfully loaded workbook with 1 sheets
[2025-10-03T07:39:26.105Z] Found sheets: Sheet1
[2025-10-03T07:39:26.106Z] Converting sheet to JSON...
[2025-10-03T07:39:26.106Z] Found 16 rows in the sheet
[2025-10-03T07:39:26.106Z] Headers: [
  "ticker",
  "isin",
  "company name",
  "field",
  "2024",
  "2023",
  "2022",
  "2021",
  "2020",
  "2019",
  "2018",
  "2017",
  "2016",
  "2015",
  "2014",
  "2013",
  "2012",
  "2011",
  "2010",
  "2009",
  "2008",
  "2007",
  "2006",
  "2005",
  "2004",
  "2003",
  "2002",
  "2001",
  "2000",
  "1999",
  "1998",
  "1997",
  "1996"
]
[2025-10-03T07:39:26.106Z] Indices - Ticker: 0, Company: 2, Field: 3
[2025-10-03T07:39:26.106Z] Found 29 year columns: 2024, 2023, 2022, 2021, 2020, 2019, 2018, 2017, 2016, 2015, 2014, 2013, 2012, 2011, 2010, 2009, 2008, 2007, 2006, 2005, 2004, 2003, 2002, 2001, 2000, 1999, 1998, 1997, 1996
[2025-10-03T07:39:26.107Z] Processed 363 data points for 5 companies and 3 metrics
[2025-10-03T07:39:26.107Z] Found 5 companies
[2025-10-03T07:39:26.110Z] Request received for /api/metrics
[2025-10-03T07:39:26.110Z] Loading workbook...
[2025-10-03T07:39:26.110Z] Looking for Excel file at: /Users/manas/Developer/Tilak Karveran/Intern test - IN funda data ann.xls
[2025-10-03T07:39:26.110Z] Reading Excel file...
[2025-10-03T07:39:26.116Z] Successfully loaded workbook with 1 sheets
[2025-10-03T07:39:26.116Z] Found sheets: Sheet1
[2025-10-03T07:39:26.116Z] Converting sheet to JSON...
[2025-10-03T07:39:26.117Z] Found 16 rows in the sheet
[2025-10-03T07:39:26.117Z] Headers: [
  "ticker",
  "isin",
  "company name",
  "field",
  "2024",
  "2023",
  "2022",
  "2021",
  "2020",
  "2019",
  "2018",
  "2017",
  "2016",
  "2015",
  "2014",
  "2013",
  "2012",
  "2011",
  "2010",
  "2009",
  "2008",
  "2007",
  "2006",
  "2005",
  "2004",
  "2003",
  "2002",
  "2001",
  "2000",
  "1999",
  "1998",
  "1997",
  "1996"
]
[2025-10-03T07:39:26.117Z] Indices - Ticker: 0, Company: 2, Field: 3
[2025-10-03T07:39:26.117Z] Found 29 year columns: 2024, 2023, 2022, 2021, 2020, 2019, 2018, 2017, 2016, 2015, 2014, 2013, 2012, 2011, 2010, 2009, 2008, 2007, 2006, 2005, 2004, 2003, 2002, 2001, 2000, 1999, 1998, 1997, 1996
[2025-10-03T07:39:26.118Z] Processed 363 data points for 5 companies and 3 metrics
[2025-10-03T07:39:26.118Z] Found 3 metrics
[2025-10-03T07:39:26.119Z] Request received for /api/companies
[2025-10-03T07:39:26.119Z] Loading workbook...
[2025-10-03T07:39:26.119Z] Looking for Excel file at: /Users/manas/Developer/Tilak Karveran/Intern test - IN funda data ann.xls
[2025-10-03T07:39:26.119Z] Reading Excel file...
[2025-10-03T07:39:26.122Z] Successfully loaded workbook with 1 sheets
[2025-10-03T07:39:26.123Z] Found sheets: Sheet1
[2025-10-03T07:39:26.123Z] Converting sheet to JSON...
[2025-10-03T07:39:26.123Z] Found 16 rows in the sheet
[2025-10-03T07:39:26.123Z] Headers: [
  "ticker",
  "isin",
  "company name",
  "field",
  "2024",
  "2023",
  "2022",
  "2021",
  "2020",
  "2019",
  "2018",
  "2017",
  "2016",
  "2015",
  "2014",
  "2013",
  "2012",
  "2011",
  "2010",
  "2009",
  "2008",
  "2007",
  "2006",
  "2005",
  "2004",
  "2003",
  "2002",
  "2001",
  "2000",
  "1999",
  "1998",
  "1997",
  "1996"
]
[2025-10-03T07:39:26.123Z] Indices - Ticker: 0, Company: 2, Field: 3
[2025-10-03T07:39:26.123Z] Found 29 year columns: 2024, 2023, 2022, 2021, 2020, 2019, 2018, 2017, 2016, 2015, 2014, 2013, 2012, 2011, 2010, 2009, 2008, 2007, 2006, 2005, 2004, 2003, 2002, 2001, 2000, 1999, 1998, 1997, 1996
[2025-10-03T07:39:26.123Z] Processed 363 data points for 5 companies and 3 metrics
[2025-10-03T07:39:26.123Z] Found 5 companies
[2025-10-03T07:39:26.125Z] Request received for /api/metrics
[2025-10-03T07:39:26.125Z] Loading workbook...
[2025-10-03T07:39:26.125Z] Looking for Excel file at: /Users/manas/Developer/Tilak Karveran/Intern test - IN funda data ann.xls
[2025-10-03T07:39:26.125Z] Reading Excel file...
[2025-10-03T07:39:26.127Z] Successfully loaded workbook with 1 sheets
[2025-10-03T07:39:26.127Z] Found sheets: Sheet1
[2025-10-03T07:39:26.127Z] Converting sheet to JSON...
[2025-10-03T07:39:26.127Z] Found 16 rows in the sheet
[2025-10-03T07:39:26.127Z] Headers: [
  "ticker",
  "isin",
  "company name",
  "field",
  "2024",
  "2023",
  "2022",
  "2021",
  "2020",
  "2019",
  "2018",
  "2017",
  "2016",
  "2015",
  "2014",
  "2013",
  "2012",
  "2011",
  "2010",
  "2009",
  "2008",
  "2007",
  "2006",
  "2005",
  "2004",
  "2003",
  "2002",
  "2001",
  "2000",
  "1999",
  "1998",
  "1997",
  "1996"
]
[2025-10-03T07:39:26.128Z] Indices - Ticker: 0, Company: 2, Field: 3
[2025-10-03T07:39:26.128Z] Found 29 year columns: 2024, 2023, 2022, 2021, 2020, 2019, 2018, 2017, 2016, 2015, 2014, 2013, 2012, 2011, 2010, 2009, 2008, 2007, 2006, 2005, 2004, 2003, 2002, 2001, 2000, 1999, 1998, 1997, 1996
[2025-10-03T07:39:26.128Z] Processed 363 data points for 5 companies and 3 metrics
[2025-10-03T07:39:26.128Z] Found 3 metrics
[2025-10-03T07:41:08.564Z] Request received for /api/data?company=Infosys Ltd.&metric=pat
[2025-10-03T07:41:08.565Z] Loading workbook...
[2025-10-03T07:41:08.565Z] Looking for Excel file at: /Users/manas/Developer/Tilak Karveran/Intern test - IN funda data ann.xls
[2025-10-03T07:41:08.565Z] Reading Excel file...
[2025-10-03T07:41:08.574Z] Successfully loaded workbook with 1 sheets
[2025-10-03T07:41:08.574Z] Found sheets: Sheet1
[2025-10-03T07:41:08.574Z] Converting sheet to JSON...
[2025-10-03T07:41:08.574Z] Found 16 rows in the sheet
[2025-10-03T07:41:08.575Z] Headers: [
  "ticker",
  "isin",
  "company name",
  "field",
  "2024",
  "2023",
  "2022",
  "2021",
  "2020",
  "2019",
  "2018",
  "2017",
  "2016",
  "2015",
  "2014",
  "2013",
  "2012",
  "2011",
  "2010",
  "2009",
  "2008",
  "2007",
  "2006",
  "2005",
  "2004",
  "2003",
  "2002",
  "2001",
  "2000",
  "1999",
  "1998",
  "1997",
  "1996"
]
[2025-10-03T07:41:08.575Z] Indices - Ticker: 0, Company: 2, Field: 3
[2025-10-03T07:41:08.575Z] Found 29 year columns: 2024, 2023, 2022, 2021, 2020, 2019, 2018, 2017, 2016, 2015, 2014, 2013, 2012, 2011, 2010, 2009, 2008, 2007, 2006, 2005, 2004, 2003, 2002, 2001, 2000, 1999, 1998, 1997, 1996
[2025-10-03T07:41:08.575Z] Processed 363 data points for 5 companies and 3 metrics
[2025-10-03T07:41:08.575Z] Processing request for company: Infosys Ltd., metric: pat
[2025-10-03T07:41:08.575Z] Total records: 363
[2025-10-03T07:41:08.575Z] Found 24 records for company=Infosys Ltd., metric=pat
[2025-10-03T07:42:20.201Z] Backend server started and listening on http://localhost:4000
[2025-10-03T07:43:28.977Z] Request received for /api/companies
[2025-10-03T07:43:28.978Z] Loading data...
[2025-10-03T07:43:28.978Z] Looking for data file at: /Users/manas/Developer/Tilak Karveran/data/data.json
[2025-10-03T07:43:28.978Z] Reading data file...
[2025-10-03T07:43:28.978Z] Successfully loaded data for 5 companies
[2025-10-03T07:43:28.978Z] Found data for 5 companies
[2025-10-03T07:43:28.979Z] Processed 363 data points for 5 companies and 3 metrics
[2025-10-03T07:43:28.979Z] Found 5 companies
[2025-10-03T07:43:28.983Z] Request received for /api/metrics
[2025-10-03T07:43:28.983Z] Loading data...
[2025-10-03T07:43:28.983Z] Looking for data file at: /Users/manas/Developer/Tilak Karveran/data/data.json
[2025-10-03T07:43:28.983Z] Reading data file...
[2025-10-03T07:43:28.984Z] Successfully loaded data for 5 companies
[2025-10-03T07:43:28.984Z] Found data for 5 companies
[2025-10-03T07:43:28.984Z] Processed 363 data points for 5 companies and 3 metrics
[2025-10-03T07:43:28.984Z] Found 3 metrics
[2025-10-03T07:43:28.989Z] Request received for /api/companies
[2025-10-03T07:43:28.989Z] Loading data...
[2025-10-03T07:43:28.989Z] Looking for data file at: /Users/manas/Developer/Tilak Karveran/data/data.json
[2025-10-03T07:43:28.989Z] Reading data file...
[2025-10-03T07:43:28.989Z] Successfully loaded data for 5 companies
[2025-10-03T07:43:28.989Z] Found data for 5 companies
[2025-10-03T07:43:28.989Z] Processed 363 data points for 5 companies and 3 metrics
[2025-10-03T07:43:28.989Z] Found 5 companies
[2025-10-03T07:43:28.990Z] Request received for /api/metrics
[2025-10-03T07:43:28.990Z] Loading data...
[2025-10-03T07:43:28.990Z] Looking for data file at: /Users/manas/Developer/Tilak Karveran/data/data.json
[2025-10-03T07:43:28.990Z] Reading data file...
[2025-10-03T07:43:28.990Z] Successfully loaded data for 5 companies
[2025-10-03T07:43:28.990Z] Found data for 5 companies
[2025-10-03T07:43:28.991Z] Processed 363 data points for 5 companies and 3 metrics
[2025-10-03T07:43:28.991Z] Found 3 metrics
[2025-10-03T07:43:37.436Z] Request received for /api/data?company=HCL Technologies Ltd.&metric=sales
[2025-10-03T07:43:37.436Z] Loading data...
[2025-10-03T07:43:37.436Z] Looking for data file at: /Users/manas/Developer/Tilak Karveran/data/data.json
[2025-10-03T07:43:37.436Z] Reading data file...
[2025-10-03T07:43:37.437Z] Successfully loaded data for 5 companies
[2025-10-03T07:43:37.437Z] Found data for 5 companies
[2025-10-03T07:43:37.437Z] Processed 363 data points for 5 companies and 3 metrics
[2025-10-03T07:43:37.437Z] Processing request for company: HCL Technologies Ltd., metric: sales
[2025-10-03T07:43:37.437Z] Total records: 363
[2025-10-03T07:43:37.437Z] Found 25 records for company=HCL Technologies Ltd., metric=sales
[2025-10-03T07:44:03.511Z] Backend server started and listening on http://localhost:4000
[2025-10-03T07:44:07.221Z] Request received for /api/companies
[2025-10-03T07:44:07.222Z] Loading data...
[2025-10-03T07:44:07.222Z] Looking for data file at: /Users/manas/Developer/Tilak Karveran/data/data.json
[2025-10-03T07:44:07.222Z] Reading data file...
[2025-10-03T07:44:07.223Z] Successfully loaded data for 5 companies
[2025-10-03T07:44:07.223Z] Found data for 5 companies
[2025-10-03T07:44:07.223Z] Processed 363 data points for 5 companies and 3 metrics
[2025-10-03T07:44:07.223Z] Found 5 companies
[2025-10-03T07:44:07.230Z] Request received for /api/metrics
[2025-10-03T07:44:07.230Z] Loading data...
[2025-10-03T07:44:07.230Z] Looking for data file at: /Users/manas/Developer/Tilak Karveran/data/data.json
[2025-10-03T07:44:07.230Z] Reading data file...
[2025-10-03T07:44:07.230Z] Successfully loaded data for 5 companies
[2025-10-03T07:44:07.230Z] Found data for 5 companies
[2025-10-03T07:44:07.230Z] Processed 363 data points for 5 companies and 3 metrics
[2025-10-03T07:44:07.230Z] Found 3 metrics
[2025-10-03T07:44:07.232Z] Request received for /api/companies
[2025-10-03T07:44:07.232Z] Loading data...
[2025-10-03T07:44:07.232Z] Looking for data file at: /Users/manas/Developer/Tilak Karveran/data/data.json
[2025-10-03T07:44:07.232Z] Reading data file...
[2025-10-03T07:44:07.232Z] Successfully loaded data for 5 companies
[2025-10-03T07:44:07.232Z] Found data for 5 companies
[2025-10-03T07:44:07.232Z] Processed 363 data points for 5 companies and 3 metrics
[2025-10-03T07:44:07.232Z] Found 5 companies
[2025-10-03T07:44:07.233Z] Request received for /api/metrics
[2025-10-03T07:44:07.233Z] Loading data...
[2025-10-03T07:44:07.233Z] Looking for data file at: /Users/manas/Developer/Tilak Karveran/data/data.json
[2025-10-03T07:44:07.233Z] Reading data file...
[2025-10-03T07:44:07.233Z] Successfully loaded data for 5 companies
[2025-10-03T07:44:07.233Z] Found data for 5 companies
[2025-10-03T07:44:07.233Z] Processed 363 data points for 5 companies and 3 metrics
[2025-10-03T07:44:07.233Z] Found 3 metrics
[2025-10-03T07:44:14.802Z] Request received for /api/data?company=HCL Technologies Ltd.&metric=ebitda
[2025-10-03T07:44:14.802Z] Loading data...
[2025-10-03T07:44:14.802Z] Looking for data file at: /Users/manas/Developer/Tilak Karveran/data/data.json
[2025-10-03T07:44:14.802Z] Reading data file...
[2025-10-03T07:44:14.802Z] Successfully loaded data for 5 companies
[2025-10-03T07:44:14.802Z] Found data for 5 companies
[2025-10-03T07:44:14.803Z] Processed 363 data points for 5 companies and 3 metrics
[2025-10-03T07:44:14.803Z] Processing request for company: HCL Technologies Ltd., metric: ebitda
[2025-10-03T07:44:14.803Z] Total records: 363
[2025-10-03T07:44:14.803Z] Found 25 records for company=HCL Technologies Ltd., metric=ebitda
[2025-10-03T07:46:18.119Z] Backend server started and listening on http://localhost:4000
[2025-10-03T07:46:31.638Z] Backend server started and listening on http://localhost:4000
[2025-10-03T07:48:26.945Z] Backend server started and listening on http://localhost:4000
[2025-10-03T07:48:30.850Z] Request received for /api/companies
[2025-10-03T07:48:30.850Z] Loading data...
[2025-10-03T07:48:30.850Z] Loading embedded company data...
[2025-10-03T07:48:30.851Z] Successfully loaded data for 3 companies
[2025-10-03T07:48:30.851Z] Found data for 3 companies
[2025-10-03T07:48:30.851Z] Processed 144 data points for 3 companies and 2 metrics
[2025-10-03T07:48:30.851Z] Found 3 companies
[2025-10-03T07:48:30.861Z] Request received for /api/metrics
[2025-10-03T07:48:30.862Z] Loading data...
[2025-10-03T07:48:30.862Z] Loading embedded company data...
[2025-10-03T07:48:30.862Z] Successfully loaded data for 3 companies
[2025-10-03T07:48:30.862Z] Found data for 3 companies
[2025-10-03T07:48:30.862Z] Processed 144 data points for 3 companies and 2 metrics
[2025-10-03T07:48:30.862Z] Found 2 metrics
[2025-10-03T07:48:30.866Z] Request received for /api/companies
[2025-10-03T07:48:30.866Z] Loading data...
[2025-10-03T07:48:30.866Z] Loading embedded company data...
[2025-10-03T07:48:30.866Z] Successfully loaded data for 3 companies
[2025-10-03T07:48:30.866Z] Found data for 3 companies
[2025-10-03T07:48:30.866Z] Processed 144 data points for 3 companies and 2 metrics
[2025-10-03T07:48:30.866Z] Found 3 companies
[2025-10-03T07:48:30.868Z] Request received for /api/metrics
[2025-10-03T07:48:30.868Z] Loading data...
[2025-10-03T07:48:30.868Z] Loading embedded company data...
[2025-10-03T07:48:30.868Z] Successfully loaded data for 3 companies
[2025-10-03T07:48:30.868Z] Found data for 3 companies
[2025-10-03T07:48:30.868Z] Processed 144 data points for 3 companies and 2 metrics
[2025-10-03T07:48:30.868Z] Found 2 metrics
[2025-10-03T07:56:46.921Z] Backend server started and listening on http://localhost:4000
[2025-10-03T07:57:25.551Z] Backend server started and listening on http://localhost:4000
[2025-10-03T07:57:29.197Z] Request received for /api/companies
[2025-10-03T07:57:29.198Z] Loading data...
[2025-10-03T07:57:29.198Z] Loading embedded company data...
[2025-10-03T07:57:29.198Z] Successfully loaded data for 5 companies
[2025-10-03T07:57:29.198Z] Found data for 5 companies
[2025-10-03T07:57:29.199Z] Processed 363 data points for 5 companies and 3 metrics
[2025-10-03T07:57:29.199Z] Found 5 companies
[2025-10-03T07:57:29.203Z] Request received for /api/metrics
[2025-10-03T07:57:29.203Z] Loading data...
[2025-10-03T07:57:29.203Z] Loading embedded company data...
[2025-10-03T07:57:29.203Z] Successfully loaded data for 5 companies
[2025-10-03T07:57:29.203Z] Found data for 5 companies
[2025-10-03T07:57:29.203Z] Processed 363 data points for 5 companies and 3 metrics
[2025-10-03T07:57:29.203Z] Found 3 metrics
[2025-10-03T07:57:29.205Z] Request received for /api/companies
[2025-10-03T07:57:29.206Z] Loading data...
[2025-10-03T07:57:29.206Z] Loading embedded company data...
[2025-10-03T07:57:29.206Z] Successfully loaded data for 5 companies
[2025-10-03T07:57:29.206Z] Found data for 5 companies
[2025-10-03T07:57:29.206Z] Processed 363 data points for 5 companies and 3 metrics
[2025-10-03T07:57:29.206Z] Found 5 companies
[2025-10-03T07:57:29.209Z] Request received for /api/metrics
[2025-10-03T07:57:29.209Z] Loading data...
[2025-10-03T07:57:29.209Z] Loading embedded company data...
[2025-10-03T07:57:29.209Z] Successfully loaded data for 5 companies
[2025-10-03T07:57:29.209Z] Found data for 5 companies
[2025-10-03T07:57:29.210Z] Processed 363 data points for 5 companies and 3 metrics
[2025-10-03T07:57:29.210Z] Found 3 metrics
[2025-10-03T07:57:36.148Z] Request received for /api/data?company=Wipro Ltd.&metric=pat
[2025-10-03T07:57:36.148Z] Loading data...
[2025-10-03T07:57:36.148Z] Loading embedded company data...
[2025-10-03T07:57:36.149Z] Successfully loaded data for 5 companies
[2025-10-03T07:57:36.149Z] Found data for 5 companies
[2025-10-03T07:57:36.149Z] Processed 363 data points for 5 companies and 3 metrics
[2025-10-03T07:57:36.149Z] Processing request for company: Wipro Ltd., metric: pat
[2025-10-03T07:57:36.149Z] Total records: 363
[2025-10-03T07:57:36.150Z] Found 25 records for company=Wipro Ltd., metric=pat
[2025-10-03T07:57:57.104Z] Backend server started and listening on http://localhost:4000
